#
# A fatal error has been detected by the Java Runtime Environment:
#
#  EXCEPTION_ACCESS_VIOLATION (0xc0000005) at pc=0x00000000606a4270, pid=2716, tid=0x0000000000000628
#
# JRE version: Java(TM) SE Runtime Environment (8.0_141-b15) (build 1.8.0_141-b15)
# Java VM: Java HotSpot(TM) 64-Bit Server VM (25.141-b15 mixed mode windows-amd64 compressed oops)
# Problematic frame:
# V  [jvm.dll+0x424270]
#
# Failed to write core dump. Minidumps are not enabled by default on client versions of Windows
#
# If you would like to submit a bug report, please visit:
#   http://bugreport.java.com/bugreport/crash.jsp
#

---------------  T H R E A D  ---------------

Current thread (0x0000000055fca000):  JavaThread "C1 CompilerThread1" daemon [_thread_in_native, id=1576, stack(0x00000000574d0000,0x00000000575d0000)]

siginfo: ExceptionCode=0xc0000005, reading address 0xffffffffffffffff

Registers:
RAX=0x0000000057754720, RBX=0x00000000578c0570, RCX=0x0000000057754730, RDX=0x0000000000000000
RSP=0x00000000575cebf0, RBP=0x00000000578c0570, RSI=0x00000000575cecf0, RDI=0x2000000000000000
R8 =0x0000000000000000, R9 =0x0000000000000000, R10=0x0000000000000000, R11=0x00000000ffffffff
R12=0x0000000000000001, R13=0x0000000000000000, R14=0x0000000000000000, R15=0x0000000055fca670
RIP=0x00000000606a4270, EFLAGS=0x0000000000010206

Top of Stack: (sp=0x00000000575cebf0)
0x00000000575cebf0:   00000000575cecf0 0000000000000000
0x00000000575cec00:   00000000578bd850 000000005789e380
0x00000000575cec10:   000000005764cf90 00000000606a4344
0x00000000575cec20:   00000000575cecf0 00000000578c0570
0x00000000575cec30:   00000000577548f0 00000000000000d8
0x00000000575cec40:   0000000000000000 00000000606a5109
0x00000000575cec50:   00000000575cecf0 00000000575cecf0
0x00000000575cec60:   00000000578c0570 000000005764cf90
0x00000000575cec70:   0000000000000000 00000000575cf060
0x00000000575cec80:   00000000ffffffff 00000000606a5b47
0x00000000575cec90:   00000000575cecf0 0000000000000000
0x00000000575ceca0:   00000000578bd850 000000005600ba20
0x00000000575cecb0:   0000000055fca630 0000000055f5c880
0x00000000575cecc0:   00000000ffffffff 00000000606a5ba1
0x00000000575cecd0:   000000005789d6b0 0000000000000000
0x00000000575cece0:   00000000575cf460 0000000060a569d0 

Instructions: (pc=0x00000000606a4270)
0x00000000606a4250:   00 00 00 49 c1 e0 03 33 d2 e8 44 2f 1b 00 48 85
0x00000000606a4260:   ff 74 3c 66 66 66 66 66 0f 1f 84 00 00 00 00 00
0x00000000606a4270:   48 63 47 68 4c 8b 86 98 00 00 00 ba 01 00 00 00
0x00000000606a4280:   4c 8b c8 24 3f 49 c1 e9 06 0f b6 c8 48 d3 e2 4b 


Register to memory mapping:

RAX=0x0000000057754720 is an unknown value
RBX=0x00000000578c0570 is an unknown value
RCX=0x0000000057754730 is an unknown value
RDX=0x0000000000000000 is an unknown value
RSP=0x00000000575cebf0 is pointing into the stack for thread: 0x0000000055fca000
RBP=0x00000000578c0570 is an unknown value
RSI=0x00000000575cecf0 is pointing into the stack for thread: 0x0000000055fca000
RDI=0x2000000000000000 is an unknown value
R8 =0x0000000000000000 is an unknown value
R9 =0x0000000000000000 is an unknown value
R10=0x0000000000000000 is an unknown value
R11=0x00000000ffffffff is an unallocated location in the heap
R12=0x0000000000000001 is an unknown value
R13=0x0000000000000000 is an unknown value
R14=0x0000000000000000 is an unknown value
R15=0x0000000055fca670 is an unknown value


Stack: [0x00000000574d0000,0x00000000575d0000],  sp=0x00000000575cebf0,  free space=1018k
Native frames: (J=compiled Java code, j=interpreted, Vv=VM code, C=native code)
V  [jvm.dll+0x424270]
V  [jvm.dll+0x424344]
V  [jvm.dll+0x425109]
V  [jvm.dll+0x425b47]
V  [jvm.dll+0x425ba1]
V  [jvm.dll+0x40ec4f]
V  [jvm.dll+0x40edf1]
V  [jvm.dll+0x40efb2]
V  [jvm.dll+0x40f181]
V  [jvm.dll+0x40f38f]
V  [jvm.dll+0xa5dc2]
V  [jvm.dll+0xa66ff]
V  [jvm.dll+0x24524f]
V  [jvm.dll+0x29ca6a]
C  [msvcr100.dll+0x21d9f]
C  [msvcr100.dll+0x21e3b]
C  [kernel32.dll+0x1f56d]
C  [ntdll.dll+0x33281]


Current CompileTask:
C1:   3153 1153       3       com.sun.javafx.css.BitSet::addAll (338 bytes)


---------------  P R O C E S S  ---------------

Java Threads: ( => current thread )
  0x00000000580b3000 JavaThread "Prism Font Disposer" daemon [_thread_blocked, id=3348, stack(0x000000005dc10000,0x000000005dd10000)]
  0x0000000057e75000 JavaThread "Abandoned connection cleanup thread" daemon [_thread_blocked, id=4396, stack(0x000000005d490000,0x000000005d590000)]
  0x0000000057cf8000 JavaThread "JavaFX-Launcher" [_thread_blocked, id=2296, stack(0x000000005a150000,0x000000005a250000)]
  0x0000000057ce6800 JavaThread "Thread-2" daemon [_thread_in_native, id=848, stack(0x0000000059fa0000,0x000000005a0a0000)]
  0x0000000057cbf800 JavaThread "JavaFX Application Thread" [_thread_in_native, id=2680, stack(0x0000000058b50000,0x0000000058c50000)]
  0x0000000057cbe000 JavaThread "Thread-1" daemon [_thread_blocked, id=3224, stack(0x00000000588c0000,0x00000000589c0000)]
  0x00000000579be800 JavaThread "QuantumRenderer-0" daemon [_thread_blocked, id=2776, stack(0x00000000585b0000,0x00000000586b0000)]
  0x00000000575e0800 JavaThread "Service Thread" daemon [_thread_blocked, id=4480, stack(0x0000000057ba0000,0x0000000057ca0000)]
=>0x0000000055fca000 JavaThread "C1 CompilerThread1" daemon [_thread_in_native, id=1576, stack(0x00000000574d0000,0x00000000575d0000)]
  0x0000000055fc2800 JavaThread "C2 CompilerThread0" daemon [_thread_blocked, id=4236, stack(0x00000000573b0000,0x00000000574b0000)]
  0x0000000055fd2000 JavaThread "Attach Listener" daemon [_thread_blocked, id=1612, stack(0x00000000571e0000,0x00000000572e0000)]
  0x0000000055fd1000 JavaThread "Signal Dispatcher" daemon [_thread_blocked, id=3736, stack(0x0000000057080000,0x0000000057180000)]
  0x0000000055fae000 JavaThread "Finalizer" daemon [_thread_blocked, id=4672, stack(0x0000000056f00000,0x0000000057000000)]
  0x0000000055f65000 JavaThread "Reference Handler" daemon [_thread_blocked, id=5108, stack(0x0000000056d60000,0x0000000056e60000)]
  0x000000000213d800 JavaThread "main" [_thread_blocked, id=4120, stack(0x0000000002550000,0x0000000002650000)]

Other Threads:
  0x0000000055f5d000 VMThread [stack: 0x0000000056b60000,0x0000000056c60000] [id=1788]
  0x000000005602f800 WatcherThread [stack: 0x0000000057a00000,0x0000000057b00000] [id=4560]

VM state:not at safepoint (normal execution)

VM Mutex/Monitor currently owned by a thread: None

Heap:
 PSYoungGen      total 28672K, used 18317K [0x00000000e0000000, 0x00000000e2000000, 0x0000000100000000)
  eden space 24576K, 57% used [0x00000000e0000000,0x00000000e0de3d50,0x00000000e1800000)
  from space 4096K, 99% used [0x00000000e1800000,0x00000000e1bffa70,0x00000000e1c00000)
  to   space 4096K, 0% used [0x00000000e1c00000,0x00000000e1c00000,0x00000000e2000000)
 ParOldGen       total 65536K, used 323K [0x00000000a0000000, 0x00000000a4000000, 0x00000000e0000000)
  object space 65536K, 0% used [0x00000000a0000000,0x00000000a0050d70,0x00000000a4000000)
 Metaspace       used 17699K, capacity 18290K, committed 18560K, reserved 1064960K
  class space    used 2434K, capacity 2576K, committed 2688K, reserved 1048576K

Card table byte_map: [0x0000000011ce0000,0x0000000011ff0000] byte_map_base: 0x00000000117e0000

Marking Bits: (ParMarkBitMap*) 0x0000000060a9d850
 Begin Bits: [0x0000000012330000, 0x0000000013b30000)
 End Bits:   [0x0000000013b30000, 0x0000000015330000)

Polling page: 0x0000000000230000

CodeCache: size=245760Kb used=4103Kb max_used=4103Kb free=241656Kb
 bounds [0x0000000002920000, 0x0000000002d30000, 0x0000000011920000]
 total_blobs=1844 nmethods=1156 adapters=602
 compilation: enabled

Compilation events (10 events):
Event: 3.054 Thread 0x0000000055fc2800 1158       4       javafx.beans.property.ObjectPropertyBase::get (29 bytes)
Event: 3.055 Thread 0x0000000055fc2800 nmethod 1158 0x0000000002d1c090 code [0x0000000002d1c1c0, 0x0000000002d1c238]
Event: 3.061 Thread 0x0000000055fca000 nmethod 1154 0x0000000002d1c2d0 code [0x0000000002d1c820, 0x0000000002d20438]
Event: 3.061 Thread 0x0000000055fca000 1161       3       com.sun.javafx.css.ParsedValueImpl::containsFontRelativeSize (237 bytes)
Event: 3.063 Thread 0x0000000055fca000 nmethod 1161 0x0000000002d1a890 code [0x0000000002d1aac0, 0x0000000002d1bc88]
Event: 3.063 Thread 0x0000000055fca000 1159       3       javafx.scene.CssStyleHelper::resolveRef (185 bytes)
Event: 3.065 Thread 0x0000000055fca000 nmethod 1159 0x0000000002d22450 code [0x0000000002d226c0, 0x0000000002d237b8]
Event: 3.065 Thread 0x0000000055fca000 1157       3       com.sun.javafx.css.ParsedValueImpl::hashCode (242 bytes)
Event: 3.067 Thread 0x0000000055fca000 nmethod 1157 0x0000000002d19610 code [0x0000000002d19820, 0x0000000002d1a508]
Event: 3.067 Thread 0x0000000055fca000 1153       3       com.sun.javafx.css.BitSet::addAll (338 bytes)

GC Heap History (2 events):
Event: 1.456 GC heap before
{Heap before GC invocations=1 (full 0):
 PSYoungGen      total 28672K, used 24576K [0x00000000e0000000, 0x00000000e2000000, 0x0000000100000000)
  eden space 24576K, 100% used [0x00000000e0000000,0x00000000e1800000,0x00000000e1800000)
  from space 4096K, 0% used [0x00000000e1c00000,0x00000000e1c00000,0x00000000e2000000)
  to   space 4096K, 0% used [0x00000000e1800000,0x00000000e1800000,0x00000000e1c00000)
 ParOldGen       total 65536K, used 0K [0x00000000a0000000, 0x00000000a4000000, 0x00000000e0000000)
  object space 65536K, 0% used [0x00000000a0000000,0x00000000a0000000,0x00000000a4000000)
 Metaspace       used 13179K, capacity 13622K, committed 13952K, reserved 1060864K
  class space    used 1685K, capacity 1824K, committed 1920K, reserved 1048576K
Event: 1.467 GC heap after
Heap after GC invocations=1 (full 0):
 PSYoungGen      total 28672K, used 4094K [0x00000000e0000000, 0x00000000e2000000, 0x0000000100000000)
  eden space 24576K, 0% used [0x00000000e0000000,0x00000000e0000000,0x00000000e1800000)
  from space 4096K, 99% used [0x00000000e1800000,0x00000000e1bffa70,0x00000000e1c00000)
  to   space 4096K, 0% used [0x00000000e1c00000,0x00000000e1c00000,0x00000000e2000000)
 ParOldGen       total 65536K, used 323K [0x00000000a0000000, 0x00000000a4000000, 0x00000000e0000000)
  object space 65536K, 0% used [0x00000000a0000000,0x00000000a0050d70,0x00000000a4000000)
 Metaspace       used 13179K, capacity 13622K, committed 13952K, reserved 1060864K
  class space    used 1685K, capacity 1824K, committed 1920K, reserved 1048576K
}

Deoptimization events (10 events):
Event: 1.400 Thread 0x0000000057e75000 Uncommon trap: reason=unstable_if action=reinterpret pc=0x0000000002bbc794 method=java.lang.String.indexOf([CII[CIII)I @ 3
Event: 1.881 Thread 0x0000000057cbf800 Uncommon trap: reason=class_check action=maybe_recompile pc=0x0000000002be30d0 method=java.io.DataInputStream.readShort()S @ 4
Event: 1.882 Thread 0x0000000057cbf800 Uncommon trap: reason=class_check action=maybe_recompile pc=0x0000000002be30d0 method=java.io.DataInputStream.readShort()S @ 4
Event: 1.883 Thread 0x0000000057cbf800 Uncommon trap: reason=class_check action=maybe_recompile pc=0x0000000002be30d0 method=java.io.DataInputStream.readShort()S @ 4
Event: 1.883 Thread 0x0000000057cbf800 Uncommon trap: reason=class_check action=maybe_recompile pc=0x0000000002be30d0 method=java.io.DataInputStream.readShort()S @ 4
Event: 1.899 Thread 0x0000000057cbf800 Uncommon trap: reason=class_check action=maybe_recompile pc=0x0000000002a3cf20 method=java.lang.String.equals(Ljava/lang/Object;)Z @ 8
Event: 1.899 Thread 0x0000000057cbf800 Uncommon trap: reason=class_check action=maybe_recompile pc=0x0000000002a3cf20 method=java.lang.String.equals(Ljava/lang/Object;)Z @ 8
Event: 1.899 Thread 0x0000000057cbf800 Uncommon trap: reason=class_check action=maybe_recompile pc=0x0000000002a3cf20 method=java.lang.String.equals(Ljava/lang/Object;)Z @ 8
Event: 1.921 Thread 0x0000000057cbf800 Uncommon trap: reason=unstable_if action=reinterpret pc=0x0000000002c1ef1c method=java.lang.String.regionMatches(ZILjava/lang/String;II)Z @ 123
Event: 1.958 Thread 0x0000000057cbf800 Uncommon trap: reason=class_check action=maybe_recompile pc=0x0000000002a3cf20 method=java.lang.String.equals(Ljava/lang/Object;)Z @ 8

Internal exceptions (10 events):
Event: 0.194 Thread 0x000000000213d800 Exception <a 'java/security/PrivilegedActionException'> (0x00000000e02991f8) thrown at [C:\re\workspace\8-2-build-windows-amd64-cygwin\jdk8u141\9370\hotspot\src\share\vm\prims\jvm.cpp, line 1390]
Event: 0.194 Thread 0x000000000213d800 Exception <a 'java/security/PrivilegedActionException'> (0x00000000e029d108) thrown at [C:\re\workspace\8-2-build-windows-amd64-cygwin\jdk8u141\9370\hotspot\src\share\vm\prims\jvm.cpp, line 1390]
Event: 0.194 Thread 0x000000000213d800 Exception <a 'java/security/PrivilegedActionException'> (0x00000000e029d318) thrown at [C:\re\workspace\8-2-build-windows-amd64-cygwin\jdk8u141\9370\hotspot\src\share\vm\prims\jvm.cpp, line 1390]
Event: 0.195 Thread 0x000000000213d800 Exception <a 'java/lang/NullPointerException'> (0x00000000e029d8f0) thrown at [C:\re\workspace\8-2-build-windows-amd64-cygwin\jdk8u141\9370\hotspot\src\share\vm\interpreter\linkResolver.cpp, line 1197]
Event: 0.868 Thread 0x0000000057cbf800 Exception <a 'java/lang/NullPointerException'> (0x00000000e0bdf9b0) thrown at [C:\re\workspace\8-2-build-windows-amd64-cygwin\jdk8u141\9370\hotspot\src\share\vm\interpreter\linkResolver.cpp, line 1197]
Event: 0.868 Thread 0x0000000057cbf800 Exception <a 'java/lang/NullPointerException'> (0x00000000e0bdf9b0) thrown at [C:\re\workspace\8-2-build-windows-amd64-cygwin\jdk8u141\9370\hotspot\src\share\vm\prims\jvm.cpp, line 1394]
Event: 1.269 Thread 0x0000000057cbf800 Exception <a 'java/lang/ArrayIndexOutOfBoundsException': 58> (0x00000000e13a36c0) thrown at [C:\re\workspace\8-2-build-windows-amd64-cygwin\jdk8u141\9370\hotspot\src\share\vm\interpreter\interpreterRuntime.cpp, line 366]
Event: 1.270 Thread 0x0000000057cbf800 Exception <a 'java/lang/ArrayIndexOutOfBoundsException': 18> (0x00000000e13a4360) thrown at [C:\re\workspace\8-2-build-windows-amd64-cygwin\jdk8u141\9370\hotspot\src\share\vm\interpreter\interpreterRuntime.cpp, line 366]
Event: 1.271 Thread 0x0000000057cbf800 Exception <a 'java/lang/ArrayIndexOutOfBoundsException'> (0x00000000e13a5708) thrown at [C:\re\workspace\8-2-build-windows-amd64-cygwin\jdk8u141\9370\hotspot\src\share\vm\runtime\sharedRuntime.cpp, line 605]
Event: 1.318 Thread 0x0000000057cbf800 Implicit null exception at 0x0000000002b7ed06 to 0x0000000002b7f091

Events (10 events):
Event: 2.225 loading class com/sun/prism/shader/Solid_TextureRGB_Loader
Event: 2.225 loading class com/sun/prism/shader/Solid_TextureRGB_Loader done
Event: 2.240 loading class com/sun/scenario/effect/impl/prism/PrEffectHelper
Event: 2.240 loading class com/sun/scenario/effect/impl/prism/PrEffectHelper done
Event: 2.243 loading class com/sun/javafx/sg/prism/NGPerspectiveCamera
Event: 2.243 loading class com/sun/javafx/sg/prism/NGPerspectiveCamera done
Event: 3.061 loading class com/sun/javafx/geom/transform/TransformHelper
Event: 3.061 loading class com/sun/javafx/geom/transform/TransformHelper done
Event: 3.063 loading class com/sun/javafx/sg/prism/NGNode$RenderRootResult
Event: 3.063 loading class com/sun/javafx/sg/prism/NGNode$RenderRootResult done


Dynamic libraries:
0x000000013f9c0000 - 0x000000013f9f7000 	C:\Program Files\Java\jdk1.8.0_141\bin\java.exe
0x0000000077c50000 - 0x0000000077dfb000 	C:\Windows\SYSTEM32\ntdll.dll
0x0000000077b30000 - 0x0000000077c4f000 	C:\Windows\system32\kernel32.dll
0x000007fefdd00000 - 0x000007fefdd6b000 	C:\Windows\system32\KERNELBASE.dll
0x000007fefeaf0000 - 0x000007fefebcb000 	C:\Windows\system32\ADVAPI32.dll
0x000007fefe970000 - 0x000007fefea0f000 	C:\Windows\system32\msvcrt.dll
0x000007fefed50000 - 0x000007fefed6f000 	C:\Windows\SYSTEM32\sechost.dll
0x000007fefe840000 - 0x000007fefe96e000 	C:\Windows\system32\RPCRT4.dll
0x0000000077a30000 - 0x0000000077b2a000 	C:\Windows\system32\USER32.dll
0x000007feffd90000 - 0x000007feffdf7000 	C:\Windows\system32\GDI32.dll
0x000007fefea60000 - 0x000007fefea6e000 	C:\Windows\system32\LPK.dll
0x000007fefe340000 - 0x000007fefe40a000 	C:\Windows\system32\USP10.dll
0x000007fefc590000 - 0x000007fefc784000 	C:\Windows\WinSxS\amd64_microsoft.windows.common-controls_6595b64144ccf1df_6.0.7600.16385_none_fa645303170382f6\COMCTL32.dll
0x000007fefea70000 - 0x000007fefeae1000 	C:\Windows\system32\SHLWAPI.dll
0x000007fefe230000 - 0x000007fefe25e000 	C:\Windows\system32\IMM32.DLL
0x000007feffe00000 - 0x000007fefff09000 	C:\Windows\system32\MSCTF.dll
0x0000000065cc0000 - 0x0000000065d92000 	C:\Program Files\Java\jdk1.8.0_141\jre\bin\msvcr100.dll
0x0000000060280000 - 0x0000000060b1d000 	C:\Program Files\Java\jdk1.8.0_141\jre\bin\server\jvm.dll
0x000007fef8a10000 - 0x000007fef8a19000 	C:\Windows\system32\WSOCK32.dll
0x000007fefea10000 - 0x000007fefea5d000 	C:\Windows\system32\WS2_32.dll
0x000007feffce0000 - 0x000007feffce8000 	C:\Windows\system32\NSI.dll
0x000007fefac70000 - 0x000007fefacab000 	C:\Windows\system32\WINMM.dll
0x000007fefcd00000 - 0x000007fefcd0c000 	C:\Windows\system32\VERSION.dll
0x0000000077e20000 - 0x0000000077e27000 	C:\Windows\system32\PSAPI.DLL
0x0000000066be0000 - 0x0000000066bef000 	C:\Program Files\Java\jdk1.8.0_141\jre\bin\verify.dll
0x0000000065ff0000 - 0x0000000066019000 	C:\Program Files\Java\jdk1.8.0_141\jre\bin\java.dll
0x0000000065fd0000 - 0x0000000065fe6000 	C:\Program Files\Java\jdk1.8.0_141\jre\bin\zip.dll
0x000007fefed70000 - 0x000007feffaf6000 	C:\Windows\system32\SHELL32.dll
0x000007fefe020000 - 0x000007fefe221000 	C:\Windows\system32\ole32.dll
0x000007fefdbb0000 - 0x000007fefdbbf000 	C:\Windows\system32\profapi.dll
0x000007fee14b0000 - 0x000007fee159f000 	C:\Program Files\Java\jdk1.8.0_141\jre\bin\msvcr120.dll
0x000007fee1400000 - 0x000007fee14a6000 	C:\Program Files\Java\jdk1.8.0_141\jre\bin\msvcp120.dll
0x000000006f1b0000 - 0x000000006f1d2000 	C:\Program Files\Java\jdk1.8.0_141\jre\bin\prism_d3d.dll
0x000007fee56c0000 - 0x000007fee58bf000 	C:\Windows\system32\d3d9.dll
0x000007feea780000 - 0x000007feea787000 	C:\Windows\system32\d3d8thk.dll
0x000007fefbea0000 - 0x000007fefbeb8000 	C:\Windows\system32\dwmapi.dll
0x000007fefc2f0000 - 0x000007fefc346000 	C:\Windows\system32\uxtheme.dll
0x000007fee4040000 - 0x000007fee50f6000 	C:\Windows\system32\nvd3dumx.dll
0x000000006f160000 - 0x000000006f1a3000 	C:\Program Files\Java\jdk1.8.0_141\jre\bin\glass.dll
0x000007fefdf80000 - 0x000007fefe018000 	C:\Windows\system32\COMDLG32.dll
0x000007fefe260000 - 0x000007fefe337000 	C:\Windows\system32\OLEAUT32.dll
0x000007fefdae0000 - 0x000007fefdaef000 	C:\Windows\system32\CRYPTBASE.dll
0x000007fefc3a0000 - 0x000007fefc3cc000 	C:\Windows\system32\powrprof.dll
0x000007feffb00000 - 0x000007feffcd7000 	C:\Windows\system32\SETUPAPI.dll
0x000007fefddd0000 - 0x000007fefde06000 	C:\Windows\system32\CFGMGR32.dll
0x000007fefdd70000 - 0x000007fefdd8a000 	C:\Windows\system32\DEVOBJ.dll
0x000000006f1f0000 - 0x000000006f204000 	C:\Program Files\Java\jdk1.8.0_141\jre\bin\javafx_font.dll
0x000007feeac10000 - 0x000007feead8b000 	C:\Windows\system32\dwrite.dll
0x000007fefe7a0000 - 0x000007fefe839000 	C:\Windows\system32\CLBCatQ.DLL
0x000007fefbd00000 - 0x000007fefbe2a000 	C:\Windows\system32\WindowsCodecs.dll
0x000007fefda80000 - 0x000007fefdad7000 	C:\Windows\system32\apphelp.dll
0x000007fef8b40000 - 0x000007fef8e0e000 	C:\Users\Augusto\AppData\Local\Microsoft\OneDrive\17.3.7101.1018\amd64\FileSyncShell64.dll
0x000007fefe410000 - 0x000007fefe53a000 	C:\Windows\system32\WININET.dll
0x0000000077e10000 - 0x0000000077e13000 	C:\Windows\system32\Normaliz.dll
0x000007fefebd0000 - 0x000007fefed48000 	C:\Windows\system32\urlmon.dll
0x000007fefde10000 - 0x000007fefdf76000 	C:\Windows\system32\CRYPT32.dll
0x000007fefdc50000 - 0x000007fefdc5f000 	C:\Windows\system32\MSASN1.dll
0x000007fefe540000 - 0x000007fefe798000 	C:\Windows\system32\iertutil.dll
0x000007fef8b00000 - 0x000007fef8b35000 	C:\Windows\system32\EhStorShell.dll
0x000007fefc3d0000 - 0x000007fefc4fc000 	C:\Windows\system32\PROPSYS.dll
0x000007fef8a80000 - 0x000007fef8afe000 	C:\Windows\System32\cscui.dll
0x000007fef8a70000 - 0x000007fef8a7c000 	C:\Windows\System32\CSCDLL.dll
0x000007fef9350000 - 0x000007fef935f000 	C:\Windows\system32\CSCAPI.dll
0x000007fef87a0000 - 0x000007fef8820000 	C:\Windows\system32\ntshrui.dll
0x000007fefd950000 - 0x000007fefd973000 	C:\Windows\system32\srvcli.dll
0x000007fefb8b0000 - 0x000007fefb8bb000 	C:\Windows\system32\slc.dll
0x000007fee2d50000 - 0x000007fee2d7d000 	C:\Program Files\Common Files\Microsoft Shared\Ink\rtscom.dll
0x0000000065fb0000 - 0x0000000065fca000 	C:\Program Files\Java\jdk1.8.0_141\jre\bin\net.dll
0x000007fefd3e0000 - 0x000007fefd434000 	C:\Windows\system32\mswsock.dll
0x000007fefd3d0000 - 0x000007fefd3d7000 	C:\Windows\System32\wship6.dll
0x000007fefcdd0000 - 0x000007fefcdd7000 	C:\Windows\System32\wshtcpip.dll
0x000007fefd260000 - 0x000007fefd2bb000 	C:\Windows\system32\DNSAPI.dll
0x000007fefb590000 - 0x000007fefb5b7000 	C:\Windows\system32\IPHLPAPI.DLL
0x000007fefb5d0000 - 0x000007fefb5db000 	C:\Windows\system32\WINNSI.DLL
0x000007fefa050000 - 0x000007fefa058000 	C:\Windows\system32\rasadhlp.dll
0x000007fefb460000 - 0x000007fefb4b3000 	C:\Windows\System32\fwpuclnt.dll
0x000000006ee00000 - 0x000000006ee11000 	C:\Program Files\Java\jdk1.8.0_141\jre\bin\prism_common.dll
0x000007fef88c0000 - 0x000007fef89e5000 	C:\Windows\system32\dbghelp.dll

VM Arguments:
jvm_args: -Dfile.encoding=UTF-8 
java_command: obrasdoacervo.model.ObrasDoAcervo
java_class_path (initial): C:\Users\Augusto\Desktop\Educatio-CEFET-MG\AMP\AMP-Java-ObrasDoAcervo\mysql-connector-java-5.1.44\mysql-connector-java-5.1.44-bin.jar;C:\Users\Augusto\Desktop\Educatio-CEFET-MG\AMP\AMP-Java-ObrasDoAcervo\build\classes
Launcher Type: SUN_STANDARD

Environment Variables:
PATH=C:\Program Files (x86)\NVIDIA Corporation\PhysX\Common;C:\ProgramData\Oracle\Java\javapath;C:\Windows\system32;C:\Windows;C:\Windows\System32\Wbem;C:\Windows\System32\WindowsPowerShell\v1.0\;C:\Program Files\Git\cmd
USERNAME=Augusto
OS=Windows_NT
PROCESSOR_IDENTIFIER=Intel64 Family 6 Model 23 Stepping 10, GenuineIntel



---------------  S Y S T E M  ---------------

OS: Windows 7 , 64 bit Build 7600 (6.1.7600.16385)

CPU:total 2 (initial active 2) (2 cores per cpu, 1 threads per core) family 6 model 23 stepping 10, cmov, cx8, fxsr, mmx, sse, sse2, sse3, ssse3, tsc

Memory: 4k page, physical 6290488k(3199404k free), swap 12579080k(8763204k free)

vm_info: Java HotSpot(TM) 64-Bit Server VM (25.141-b15) for windows-amd64 JRE (1.8.0_141-b15), built on Jul 12 2017 04:25:12 by "java_re" with MS VC++ 10.0 (VS2010)

time: Wed Nov 08 05:41:25 2017
elapsed time: 3 seconds (0d 0h 0m 3s)

