::1 - - [23/Oct/2017:10:07:01 -0200] "GET /phpmyadmin HTTP/1.1" 301 241
::1 - - [23/Oct/2017:10:07:01 -0200] "GET /phpmyadmin/themes/pmahomme/jquery/jquery-ui-1.9.2.custom.css HTTP/1.1" 200 32739
::1 - - [23/Oct/2017:10:07:01 -0200] "GET /phpmyadmin/js/get_scripts.js.php?scripts[]=jquery/jquery-1.8.3.js&scripts[]=ajax.js&scripts[]=keyhandler.js&scripts[]=jquery/jquery-ui-1.9.2.custom.js&scripts[]=jquery/jquery.sprintf.js&scripts[]=jquery/jquery.cookie.js&scripts[]=jquery/jquery.mousewheel.js&scripts[]=jquery/jquery.event.drag-2.2.js&scripts[]=jquery/jquery-ui-timepicker-addon.js&scripts[]=jquery/jquery.ba-hashchange-1.3.js&scripts[]=jquery/jquery.debounce-1.0.5.js&scripts[]=jquery/jquery.menuResizer-1.0.js&scripts[]=rte.js&scripts[]=functions.js&scripts[]=navigation.js&scripts[]=indexes.js&scripts[]=common.js&scripts[]=codemirror/lib/codemirror.js&scripts[]=codemirror/mode/mysql/mysql.js HTTP/1.1" 200 578621
::1 - - [23/Oct/2017:10:07:01 -0200] "GET /phpmyadmin/ HTTP/1.1" 200 8587
::1 - - [23/Oct/2017:10:07:01 -0200] "GET /phpmyadmin/phpmyadmin.css.php?server=1&lang=pt&collation_connection=utf8_general_ci&token=426c9c09057ffb49b417fe163da503b9&nocache=4526279046ltr HTTP/1.1" 200 92653
::1 - - [23/Oct/2017:10:07:01 -0200] "GET /phpmyadmin/js/get_image.js.php?theme=pmahomme HTTP/1.1" 200 6364
::1 - - [23/Oct/2017:10:07:01 -0200] "GET /phpmyadmin/themes/pmahomme/img/logo_right.png HTTP/1.1" 200 4548
::1 - - [23/Oct/2017:10:07:01 -0200] "GET /phpmyadmin/js/messages.php?lang=pt&db=&server=0&collation_connection=utf8_general_ci&token=67d285beb93ab3f5b61e0e0fb7f8d8d0 HTTP/1.1" 200 18108
::1 - - [23/Oct/2017:10:07:01 -0200] "GET /phpmyadmin/themes/dot.gif HTTP/1.1" 200 43
::1 - - [23/Oct/2017:10:07:01 -0200] "GET /phpmyadmin/themes/pmahomme/img/sprites.png HTTP/1.1" 200 61899
::1 - - [23/Oct/2017:10:07:01 -0200] "GET /phpmyadmin/favicon.ico HTTP/1.1" 200 18902
::1 - - [23/Oct/2017:10:07:06 -0200] "POST /phpmyadmin/index.php HTTP/1.1" 302 -
::1 - - [23/Oct/2017:10:07:07 -0200] "GET /phpmyadmin/index.php?token=426c9c09057ffb49b417fe163da503b9 HTTP/1.1" 200 46665
::1 - - [23/Oct/2017:10:07:07 -0200] "GET /phpmyadmin/phpmyadmin.css.php?server=1&token=426c9c09057ffb49b417fe163da503b9&nocache=6035039473ltr HTTP/1.1" 200 92653
::1 - - [23/Oct/2017:10:07:07 -0200] "GET /phpmyadmin/themes/pmahomme/img/logo_left.png HTTP/1.1" 200 2327
::1 - - [23/Oct/2017:10:07:07 -0200] "GET /phpmyadmin/themes/pmahomme/img/ajax_clock_small.gif HTTP/1.1" 200 1810
::1 - - [23/Oct/2017:10:07:07 -0200] "GET /phpmyadmin/js/messages.php?lang=pt&db=&server=0&token=426c9c09057ffb49b417fe163da503b9 HTTP/1.1" 200 18108
::1 - - [23/Oct/2017:10:07:07 -0200] "GET /phpmyadmin/themes/pmahomme/img/left_nav_bg.png HTTP/1.1" 200 297
::1 - - [23/Oct/2017:10:07:07 -0200] "GET /phpmyadmin/version_check.php?&_nocache=1508760427527294831 HTTP/1.1" 200 39
::1 - - [23/Oct/2017:10:07:15 -0200] "GET /phpmyadmin/navigation.php?ajax_request=1&token=426c9c09057ffb49b417fe163da503b9&aPath=cm9vdA%3D%3D.dGVzdA%3D%3D&vPath=cm9vdA%3D%3D.dGVzdA%3D%3D&pos=0&pos2_name=&pos2_value=&searchClause=&searchClause2=&_nocache=1508760435179333280 HTTP/1.1" 200 97
::1 - - [23/Oct/2017:10:07:17 -0200] "GET /phpmyadmin/server_import.php?db=&token=426c9c09057ffb49b417fe163da503b9&ajax_request=true&ajax_page_request=true&menuHashes=00e29078&_nocache=1508760437150867279 HTTP/1.1" 200 15697
::1 - - [23/Oct/2017:10:07:17 -0200] "GET /phpmyadmin/js/get_scripts.js.php?scripts[]=import.js HTTP/1.1" 200 1584
::1 - - [23/Oct/2017:10:07:55 -0200] "POST /phpmyadmin/import.php HTTP/1.1" 200 46748
::1 - - [23/Oct/2017:10:08:03 -0200] "GET /phpmyadmin/js/get_scripts.js.php?scripts[]=jquery/jquery-1.8.3.js&scripts[]=ajax.js&scripts[]=keyhandler.js&scripts[]=jquery/jquery-ui-1.9.2.custom.js&scripts[]=jquery/jquery.sprintf.js&scripts[]=jquery/jquery.cookie.js&scripts[]=jquery/jquery.mousewheel.js&scripts[]=jquery/jquery.event.drag-2.2.js&scripts[]=jquery/jquery-ui-timepicker-addon.js&scripts[]=jquery/jquery.ba-hashchange-1.3.js&scripts[]=jquery/jquery.debounce-1.0.5.js&scripts[]=jquery/jquery.menuResizer-1.0.js&scripts[]=rte.js&scripts[]=functions.js&scripts[]=navigation.js&scripts[]=indexes.js&scripts[]=common.js&scripts[]=import.js&scripts[]=codemirror/lib/codemirror.js&scripts[]=codemirror/mode/mysql/mysql.js HTTP/1.1" 200 580205
::1 - - [23/Oct/2017:10:08:07 -0200] "GET /phpmyadmin/navigation.php?ajax_request=1&token=426c9c09057ffb49b417fe163da503b9&aPath=cm9vdA%3D%3D.ZWR1Y2F0aW8%3D&vPath=cm9vdA%3D%3D.ZWR1Y2F0aW8%3D&pos=0&pos2_name=&pos2_value=&searchClause=&searchClause2=&_nocache=1508760487604192942 HTTP/1.1" 200 18640
::1 - - [23/Oct/2017:10:08:09 -0200] "GET /phpmyadmin/sql.php?server=1&db=educatio&table=livros&pos=0&token=426c9c09057ffb49b417fe163da503b9&ajax_request=true&ajax_page_request=true&_nocache=1508760489887443566 HTTP/1.1" 200 10286
::1 - - [23/Oct/2017:10:08:10 -0200] "GET /phpmyadmin/js/get_scripts.js.php?scripts[]=tbl_change.js&scripts[]=tbl_structure.js&scripts[]=gis_data_editor.js HTTP/1.1" 200 22203
::1 - - [23/Oct/2017:10:08:10 -0200] "GET /phpmyadmin/index.php?ajax_request=1&recent_table=1&token=426c9c09057ffb49b417fe163da503b9 HTTP/1.1" 200 215
::1 - - [23/Oct/2017:10:12:42 -0200] "GET /phpmyadmin/navigation.php?ajax_request=1&token=426c9c09057ffb49b417fe163da503b9&aPath=cm9vdA%3D%3D.ZWR1Y2F0aW8%3D.dGFibGVz.bGl2cm9z&vPath=cm9vdA%3D%3D.ZWR1Y2F0aW8%3D.VGFiZWxhcw%3D%3D.bGl2cm9z&pos=0&pos2_name=tables&pos2_value=0&searchClause=&searchClause2=&_nocache=1508760762305838351 HTTP/1.1" 200 3420
::1 - - [23/Oct/2017:10:12:43 -0200] "GET /phpmyadmin/navigation.php?ajax_request=1&token=426c9c09057ffb49b417fe163da503b9&aPath=cm9vdA%3D%3D.ZWR1Y2F0aW8%3D.dGFibGVz.bGl2cm9z.Y29sdW1ucw%3D%3D&vPath=cm9vdA%3D%3D.ZWR1Y2F0aW8%3D.VGFiZWxhcw%3D%3D.bGl2cm9z.Q29sdW1ucw%3D%3D&pos=0&pos2_name=tables&pos2_value=0&searchClause=&searchClause2=&_nocache=1508760763953321274 HTTP/1.1" 200 3880
::1 - - [23/Oct/2017:10:12:45 -0200] "GET /phpmyadmin/sql.php?server=1&db=educatio&table=livros&pos=0&token=426c9c09057ffb49b417fe163da503b9&ajax_request=true&ajax_page_request=true&menuHashes=6c794204&_nocache=1508760765679596683 HTTP/1.1" 200 7189
::1 - - [23/Oct/2017:10:12:45 -0200] "GET /phpmyadmin/index.php?ajax_request=1&recent_table=1&token=426c9c09057ffb49b417fe163da503b9 HTTP/1.1" 200 215
::1 - - [23/Oct/2017:10:12:46 -0200] "GET /phpmyadmin/tbl_structure.php?server=1&db=educatio&table=livros&token=426c9c09057ffb49b417fe163da503b9&ajax_request=true&ajax_page_request=true&menuHashes=6c794204&_nocache=1508760766809410986 HTTP/1.1" 200 37369
::1 - - [23/Oct/2017:10:12:47 -0200] "GET /phpmyadmin/themes/pmahomme/img/arrow_ltr.png HTTP/1.1" 200 139
::1 - - [23/Oct/2017:10:12:47 -0200] "GET /phpmyadmin/index.php?ajax_request=1&recent_table=1&token=426c9c09057ffb49b417fe163da503b9 HTTP/1.1" 200 215
::1 - - [23/Oct/2017:10:13:16 -0200] "GET /phpmyadmin/sql.php?server=1&db=educatio&table=acervo&pos=0&token=426c9c09057ffb49b417fe163da503b9&ajax_request=true&ajax_page_request=true&menuHashes=6c794204-3580a5d0&_nocache=150876079609452689 HTTP/1.1" 200 10286
::1 - - [23/Oct/2017:10:13:16 -0200] "GET /phpmyadmin/index.php?ajax_request=1&recent_table=1&token=426c9c09057ffb49b417fe163da503b9 HTTP/1.1" 200 337
::1 - - [23/Oct/2017:10:13:18 -0200] "GET /phpmyadmin/navigation.php?ajax_request=1&token=426c9c09057ffb49b417fe163da503b9&aPath=cm9vdA%3D%3D.ZWR1Y2F0aW8%3D.dGFibGVz.YWNlcnZv&vPath=cm9vdA%3D%3D.ZWR1Y2F0aW8%3D.VGFiZWxhcw%3D%3D.YWNlcnZv&pos=0&pos2_name=tables&pos2_value=0&searchClause=&searchClause2=&_nocache=1508760798144738381 HTTP/1.1" 200 3420
::1 - - [23/Oct/2017:10:13:19 -0200] "GET /phpmyadmin/tbl_structure.php?server=1&db=educatio&table=acervo&token=426c9c09057ffb49b417fe163da503b9&ajax_request=true&ajax_page_request=true&menuHashes=6c794204-3580a5d0-3dac406c&_nocache=1508760799001495907 HTTP/1.1" 200 58222
::1 - - [23/Oct/2017:10:13:19 -0200] "GET /phpmyadmin/index.php?ajax_request=1&recent_table=1&token=426c9c09057ffb49b417fe163da503b9 HTTP/1.1" 200 337
::1 - - [23/Oct/2017:10:15:18 -0200] "GET /phpmyadmin/navigation.php?ajax_request=1&token=426c9c09057ffb49b417fe163da503b9&aPath=cm9vdA%3D%3D.ZWR1Y2F0aW8%3D.dGFibGVz.ZW1wcmVzdGltb3M%3D&vPath=cm9vdA%3D%3D.ZWR1Y2F0aW8%3D.VGFiZWxhcw%3D%3D.ZW1wcmVzdGltb3M%3D&pos=0&pos2_name=tables&pos2_value=0&searchClause=&searchClause2=&_nocache=1508760918567187907 HTTP/1.1" 200 3492
::1 - - [23/Oct/2017:10:15:19 -0200] "GET /phpmyadmin/tbl_structure.php?server=1&db=educatio&table=emprestimos&token=426c9c09057ffb49b417fe163da503b9&ajax_request=true&ajax_page_request=true&menuHashes=6c794204-3580a5d0-3dac406c-bee5aa45&_nocache=150876091941447383 HTTP/1.1" 200 51171
::1 - - [23/Oct/2017:10:15:19 -0200] "GET /phpmyadmin/index.php?ajax_request=1&recent_table=1&token=426c9c09057ffb49b417fe163da503b9 HTTP/1.1" 200 469
::1 - - [23/Oct/2017:10:16:16 -0200] "GET /phpmyadmin/sql.php?server=1&db=educatio&table=acervo&pos=0&token=426c9c09057ffb49b417fe163da503b9&ajax_request=true&ajax_page_request=true&menuHashes=6c794204-3580a5d0-3dac406c-bee5aa45-c13f4061&_nocache=150876097649642826 HTTP/1.1" 200 7189
::1 - - [23/Oct/2017:10:16:16 -0200] "GET /phpmyadmin/index.php?ajax_request=1&recent_table=1&token=426c9c09057ffb49b417fe163da503b9 HTTP/1.1" 200 469
::1 - - [23/Oct/2017:10:19:24 -0200] "GET /phpmyadmin/tbl_structure.php?server=1&db=educatio&table=acervo&token=426c9c09057ffb49b417fe163da503b9&ajax_request=true&ajax_page_request=true&menuHashes=6c794204-3580a5d0-3dac406c-bee5aa45-c13f4061&_nocache=1508761164671479368 HTTP/1.1" 200 55125
::1 - - [23/Oct/2017:10:19:28 -0200] "GET /phpmyadmin/navigation.php?ajax_request=1&token=426c9c09057ffb49b417fe163da503b9&aPath=cm9vdA%3D%3D.ZWR1Y2F0aW8%3D.dGFibGVz.YWNlcnZv.Y29sdW1ucw%3D%3D&vPath=cm9vdA%3D%3D.ZWR1Y2F0aW8%3D.VGFiZWxhcw%3D%3D.YWNlcnZv.Q29sdW1ucw%3D%3D&pos=0&pos2_name=tables&pos2_value=0&searchClause=&searchClause2=&_nocache=1508761168127999810 HTTP/1.1" 200 7003
::1 - - [23/Oct/2017:10:19:29 -0200] "GET /phpmyadmin/index.php?ajax_request=1&recent_table=1&token=426c9c09057ffb49b417fe163da503b9 HTTP/1.1" 200 469
::1 - - [23/Oct/2017:10:24:50 -0200] "GET /phpmyadmin/db_structure.php?server=1&db=educatio&token=426c9c09057ffb49b417fe163da503b9&ajax_request=true&ajax_page_request=true&menuHashes=6c794204-3580a5d0-3dac406c-bee5aa45-c13f4061&_nocache=1508761490468114683 HTTP/1.1" 200 75111
::1 - - [23/Oct/2017:10:24:53 -0200] "GET /phpmyadmin/js/get_scripts.js.php?scripts[]=db_structure.js HTTP/1.1" 200 5367
::1 - - [23/Oct/2017:10:38:50 -0200] "GET /phpmyadmin/sql.php?server=1&db=educatio&table=acervo&pos=0&token=426c9c09057ffb49b417fe163da503b9&ajax_request=true&ajax_page_request=true&menuHashes=6c794204-3580a5d0-3dac406c-bee5aa45-c13f4061-a1585ca8&_nocache=1508762330245396786 HTTP/1.1" 200 7189
::1 - - [23/Oct/2017:10:38:50 -0200] "GET /phpmyadmin/index.php?ajax_request=1&recent_table=1&token=426c9c09057ffb49b417fe163da503b9 HTTP/1.1" 200 469
::1 - - [23/Oct/2017:10:38:51 -0200] "GET /phpmyadmin/tbl_structure.php?server=1&db=educatio&table=acervo&token=426c9c09057ffb49b417fe163da503b9&ajax_request=true&ajax_page_request=true&menuHashes=6c794204-3580a5d0-3dac406c-bee5aa45-c13f4061-a1585ca8&_nocache=1508762331783705942 HTTP/1.1" 200 55125
::1 - - [23/Oct/2017:10:38:52 -0200] "GET /phpmyadmin/index.php?ajax_request=1&recent_table=1&token=426c9c09057ffb49b417fe163da503b9 HTTP/1.1" 200 469
::1 - - [23/Oct/2017:10:48:39 -0200] "GET /phpmyadmin/tbl_structure.php?server=1&db=educatio&table=livros&token=426c9c09057ffb49b417fe163da503b9&ajax_request=true&ajax_page_request=true&menuHashes=6c794204-3580a5d0-3dac406c-bee5aa45-c13f4061-a1585ca8&_nocache=1508762919958868014 HTTP/1.1" 200 34272
::1 - - [23/Oct/2017:10:48:42 -0200] "GET /phpmyadmin/index.php?ajax_request=1&recent_table=1&token=426c9c09057ffb49b417fe163da503b9 HTTP/1.1" 200 469
::1 - - [23/Oct/2017:10:49:41 -0200] "POST /phpmyadmin/import.php HTTP/1.1" 200 47060
::1 - - [23/Oct/2017:10:49:43 -0200] "GET /phpmyadmin/themes/pmahomme/jquery/jquery-ui-1.9.2.custom.css HTTP/1.1" 304 -
::1 - - [23/Oct/2017:10:49:43 -0200] "GET /phpmyadmin/themes/pmahomme/img/logo_left.png HTTP/1.1" 304 -
::1 - - [23/Oct/2017:10:49:43 -0200] "GET /phpmyadmin/themes/dot.gif HTTP/1.1" 304 -
::1 - - [23/Oct/2017:10:49:43 -0200] "GET /phpmyadmin/themes/pmahomme/img/ajax_clock_small.gif HTTP/1.1" 304 -
::1 - - [23/Oct/2017:10:49:43 -0200] "GET /phpmyadmin/favicon.ico HTTP/1.1" 200 18902
::1 - - [23/Oct/2017:10:49:43 -0200] "GET /phpmyadmin/tbl_structure.php?db=educatio&table=livros&server=1&target=&token=426c9c09057ffb49b417fe163da503b9 HTTP/1.1" 200 39195
::1 - - [23/Oct/2017:10:49:43 -0200] "GET /phpmyadmin/js/messages.php?lang=pt&db=educatio&token=426c9c09057ffb49b417fe163da503b9 HTTP/1.1" 200 18108
::1 - - [23/Oct/2017:10:49:43 -0200] "GET /phpmyadmin/themes/pmahomme/img/arrow_ltr.png HTTP/1.1" 304 -
::1 - - [23/Oct/2017:10:49:43 -0200] "GET /phpmyadmin/js/get_scripts.js.php?scripts[]=jquery/jquery-1.8.3.js&scripts[]=ajax.js&scripts[]=keyhandler.js&scripts[]=jquery/jquery-ui-1.9.2.custom.js&scripts[]=jquery/jquery.sprintf.js&scripts[]=jquery/jquery.cookie.js&scripts[]=jquery/jquery.mousewheel.js&scripts[]=jquery/jquery.event.drag-2.2.js&scripts[]=jquery/jquery-ui-timepicker-addon.js&scripts[]=jquery/jquery.ba-hashchange-1.3.js&scripts[]=jquery/jquery.debounce-1.0.5.js&scripts[]=jquery/jquery.menuResizer-1.0.js&scripts[]=rte.js&scripts[]=functions.js&scripts[]=navigation.js&scripts[]=indexes.js&scripts[]=common.js&scripts[]=tbl_structure.js&scripts[]=codemirror/lib/codemirror.js&scripts[]=codemirror/mode/mysql/mysql.js HTTP/1.1" 200 586117
::1 - - [23/Oct/2017:10:49:44 -0200] "GET /phpmyadmin/themes/pmahomme/img/left_nav_bg.png HTTP/1.1" 304 -
::1 - - [23/Oct/2017:10:49:44 -0200] "GET /phpmyadmin/themes/pmahomme/img/sprites.png HTTP/1.1" 304 -
::1 - - [23/Oct/2017:10:49:44 -0200] "GET /phpmyadmin/index.php?ajax_request=1&recent_table=1&token=426c9c09057ffb49b417fe163da503b9 HTTP/1.1" 200 469
::1 - - [23/Oct/2017:10:49:47 -0200] "GET /phpmyadmin/navigation.php?ajax_request=1&token=426c9c09057ffb49b417fe163da503b9&aPath=cm9vdA%3D%3D.ZWR1Y2F0aW8%3D&vPath=cm9vdA%3D%3D.ZWR1Y2F0aW8%3D&pos=0&pos2_name=&pos2_value=&searchClause=&searchClause2=&_nocache=1508762987196198273 HTTP/1.1" 200 18640
::1 - - [23/Oct/2017:10:49:49 -0200] "GET /phpmyadmin/sql.php?server=1&db=educatio&table=acervo&pos=0&token=426c9c09057ffb49b417fe163da503b9&ajax_request=true&ajax_page_request=true&menuHashes=3580a5d0&_nocache=1508762989807748564 HTTP/1.1" 200 29527
::1 - - [23/Oct/2017:10:49:50 -0200] "GET /phpmyadmin/themes/pmahomme/img/s_fulltext.png HTTP/1.1" 200 193
::1 - - [23/Oct/2017:10:49:50 -0200] "GET /phpmyadmin/js/get_scripts.js.php?scripts[]=tbl_change.js&scripts[]=gis_data_editor.js&scripts[]=makegrid.js&scripts[]=sql.js HTTP/1.1" 200 49806
::1 - - [23/Oct/2017:10:49:50 -0200] "GET /phpmyadmin/themes/pmahomme/img/col_pointer.png HTTP/1.1" 200 113
::1 - - [23/Oct/2017:10:49:50 -0200] "GET /phpmyadmin/themes/pmahomme/img/col_drop.png HTTP/1.1" 200 132
::1 - - [23/Oct/2017:10:49:50 -0200] "GET /phpmyadmin/index.php?ajax_request=1&recent_table=1&token=426c9c09057ffb49b417fe163da503b9 HTTP/1.1" 200 469
::1 - - [23/Oct/2017:10:59:48 -0200] "GET /phpmyadmin/navigation.php?ajax_request=1&token=426c9c09057ffb49b417fe163da503b9&aPath=cm9vdA%3D%3D.ZWR1Y2F0aW8%3D.dGFibGVz.YWNlcnZv&vPath=cm9vdA%3D%3D.ZWR1Y2F0aW8%3D.VGFiZWxhcw%3D%3D.YWNlcnZv&pos=0&pos2_name=tables&pos2_value=0&searchClause=&searchClause2=&_nocache=1508763588952487989 HTTP/1.1" 200 3420
::1 - - [23/Oct/2017:10:59:49 -0200] "GET /phpmyadmin/tbl_structure.php?server=1&db=educatio&table=acervo&token=426c9c09057ffb49b417fe163da503b9&ajax_request=true&ajax_page_request=true&menuHashes=3580a5d0-3dac406c&_nocache=1508763589817763698 HTTP/1.1" 200 58222
::1 - - [23/Oct/2017:10:59:50 -0200] "GET /phpmyadmin/index.php?ajax_request=1&recent_table=1&token=426c9c09057ffb49b417fe163da503b9 HTTP/1.1" 200 469
::1 - - [23/Oct/2017:10:59:50 -0200] "GET /phpmyadmin/sql.php?server=1&db=educatio&table=acervo&pos=0&token=426c9c09057ffb49b417fe163da503b9&ajax_request=true&ajax_page_request=true&menuHashes=3580a5d0-3dac406c-bee5aa45&_nocache=1508763590542422995 HTTP/1.1" 200 34640
::1 - - [23/Oct/2017:10:59:50 -0200] "GET /phpmyadmin/index.php?ajax_request=1&recent_table=1&token=426c9c09057ffb49b417fe163da503b9 HTTP/1.1" 200 469
::1 - - [23/Oct/2017:11:00:01 -0200] "GET /phpmyadmin/tbl_structure.php?server=1&db=educatio&table=acervo&token=426c9c09057ffb49b417fe163da503b9&ajax_request=true&ajax_page_request=true&menuHashes=3580a5d0-3dac406c-bee5aa45&_nocache=1508763601178960574 HTTP/1.1" 200 55125
::1 - - [23/Oct/2017:11:00:01 -0200] "GET /phpmyadmin/index.php?ajax_request=1&recent_table=1&token=426c9c09057ffb49b417fe163da503b9 HTTP/1.1" 200 469
::1 - - [23/Oct/2017:11:01:10 -0200] "GET /phpmyadmin/sql.php?server=1&db=educatio&table=acervo&pos=0&token=426c9c09057ffb49b417fe163da503b9&ajax_request=true&ajax_page_request=true&menuHashes=3580a5d0-3dac406c-bee5aa45&_nocache=1508763670022462412 HTTP/1.1" 200 42849
::1 - - [23/Oct/2017:11:01:10 -0200] "GET /phpmyadmin/index.php?ajax_request=1&recent_table=1&token=426c9c09057ffb49b417fe163da503b9 HTTP/1.1" 200 469
::1 - - [23/Oct/2017:11:01:19 -0200] "GET /phpmyadmin/sql.php?server=1&db=educatio&table=livros&pos=0&token=426c9c09057ffb49b417fe163da503b9&ajax_request=true&ajax_page_request=true&menuHashes=3580a5d0-3dac406c-bee5aa45&_nocache=1508763678991776745 HTTP/1.1" 200 10286
::1 - - [23/Oct/2017:11:01:19 -0200] "GET /phpmyadmin/index.php?ajax_request=1&recent_table=1&token=426c9c09057ffb49b417fe163da503b9 HTTP/1.1" 200 469
::1 - - [23/Oct/2017:11:01:20 -0200] "GET /phpmyadmin/navigation.php?ajax_request=1&token=426c9c09057ffb49b417fe163da503b9&aPath=cm9vdA%3D%3D.ZWR1Y2F0aW8%3D.dGFibGVz.bGl2cm9z&vPath=cm9vdA%3D%3D.ZWR1Y2F0aW8%3D.VGFiZWxhcw%3D%3D.bGl2cm9z&pos=0&pos2_name=tables&pos2_value=0&searchClause=&searchClause2=&_nocache=150876368075482574 HTTP/1.1" 200 3420
::1 - - [23/Oct/2017:11:01:21 -0200] "GET /phpmyadmin/tbl_structure.php?server=1&db=educatio&table=livros&token=426c9c09057ffb49b417fe163da503b9&ajax_request=true&ajax_page_request=true&menuHashes=3580a5d0-3dac406c-bee5aa45-6c794204&_nocache=1508763681456820459 HTTP/1.1" 200 34272
::1 - - [23/Oct/2017:11:01:21 -0200] "GET /phpmyadmin/index.php?ajax_request=1&recent_table=1&token=426c9c09057ffb49b417fe163da503b9 HTTP/1.1" 200 469
::1 - - [23/Oct/2017:11:03:47 -0200] "GET /phpmyadmin/themes/pmahomme/jquery/jquery-ui-1.9.2.custom.css HTTP/1.1" 304 -
::1 - - [23/Oct/2017:11:03:47 -0200] "GET /phpmyadmin/tbl_structure.php?db=educatio&table=livros&server=1&target=&token=426c9c09057ffb49b417fe163da503b9 HTTP/1.1" 200 39195
::1 - - [23/Oct/2017:11:03:47 -0200] "GET /phpmyadmin/themes/pmahomme/img/logo_left.png HTTP/1.1" 304 -
::1 - - [23/Oct/2017:11:03:47 -0200] "GET /phpmyadmin/themes/dot.gif HTTP/1.1" 304 -
::1 - - [23/Oct/2017:11:03:47 -0200] "GET /phpmyadmin/themes/pmahomme/img/ajax_clock_small.gif HTTP/1.1" 304 -
::1 - - [23/Oct/2017:11:03:47 -0200] "GET /phpmyadmin/themes/pmahomme/img/arrow_ltr.png HTTP/1.1" 304 -
::1 - - [23/Oct/2017:11:03:48 -0200] "GET /phpmyadmin/favicon.ico HTTP/1.1" 200 18902
::1 - - [23/Oct/2017:11:03:48 -0200] "GET /phpmyadmin/tbl_structure.php?db=educatio&table=livros&server=1&target=&token=426c9c09057ffb49b417fe163da503b9 HTTP/1.1" 200 39195
::1 - - [23/Oct/2017:11:03:48 -0200] "GET /phpmyadmin/themes/pmahomme/img/sprites.png HTTP/1.1" 304 -
::1 - - [23/Oct/2017:11:03:48 -0200] "GET /phpmyadmin/themes/pmahomme/img/left_nav_bg.png HTTP/1.1" 304 -
::1 - - [23/Oct/2017:11:03:48 -0200] "GET /phpmyadmin/index.php?ajax_request=1&recent_table=1&token=426c9c09057ffb49b417fe163da503b9 HTTP/1.1" 200 469
::1 - - [23/Oct/2017:11:03:49 -0200] "GET /phpmyadmin/navigation.php?ajax_request=1&token=426c9c09057ffb49b417fe163da503b9&aPath=cm9vdA%3D%3D.ZWR1Y2F0aW8%3D&vPath=cm9vdA%3D%3D.ZWR1Y2F0aW8%3D&pos=0&pos2_name=&pos2_value=&searchClause=&searchClause2=&_nocache=150876382974773851 HTTP/1.1" 200 18640
::1 - - [23/Oct/2017:11:03:51 -0200] "GET /phpmyadmin/sql.php?server=1&db=educatio&table=acervo&pos=0&token=426c9c09057ffb49b417fe163da503b9&ajax_request=true&ajax_page_request=true&menuHashes=3580a5d0&_nocache=1508763831191812688 HTTP/1.1" 200 54246
::1 - - [23/Oct/2017:11:03:51 -0200] "GET /phpmyadmin/themes/pmahomme/img/s_fulltext.png HTTP/1.1" 304 -
::1 - - [23/Oct/2017:11:03:51 -0200] "GET /phpmyadmin/themes/pmahomme/img/col_pointer.png HTTP/1.1" 304 -
::1 - - [23/Oct/2017:11:03:51 -0200] "GET /phpmyadmin/themes/pmahomme/img/col_drop.png HTTP/1.1" 304 -
::1 - - [23/Oct/2017:11:03:51 -0200] "GET /phpmyadmin/index.php?ajax_request=1&recent_table=1&token=426c9c09057ffb49b417fe163da503b9 HTTP/1.1" 200 469
::1 - - [23/Oct/2017:11:04:05 -0200] "GET /phpmyadmin/sql.php?server=1&db=educatio&table=livros&pos=0&token=426c9c09057ffb49b417fe163da503b9&ajax_request=true&ajax_page_request=true&menuHashes=3580a5d0-3dac406c&_nocache=1508763845522867497 HTTP/1.1" 200 10286
::1 - - [23/Oct/2017:11:04:05 -0200] "GET /phpmyadmin/index.php?ajax_request=1&recent_table=1&token=426c9c09057ffb49b417fe163da503b9 HTTP/1.1" 200 469
::1 - - [23/Oct/2017:11:04:09 -0200] "GET /phpmyadmin/navigation.php?ajax_request=1&token=426c9c09057ffb49b417fe163da503b9&aPath=cm9vdA%3D%3D.ZWR1Y2F0aW8%3D.dGFibGVz.bGl2cm9z&vPath=cm9vdA%3D%3D.ZWR1Y2F0aW8%3D.VGFiZWxhcw%3D%3D.bGl2cm9z&pos=0&pos2_name=tables&pos2_value=0&searchClause=&searchClause2=&_nocache=1508763849359315318 HTTP/1.1" 200 3420
::1 - - [23/Oct/2017:11:04:10 -0200] "GET /phpmyadmin/tbl_structure.php?server=1&db=educatio&table=livros&token=426c9c09057ffb49b417fe163da503b9&ajax_request=true&ajax_page_request=true&menuHashes=3580a5d0-3dac406c-6c794204&_nocache=1508763850574866076 HTTP/1.1" 200 34272
::1 - - [23/Oct/2017:11:04:10 -0200] "GET /phpmyadmin/index.php?ajax_request=1&recent_table=1&token=426c9c09057ffb49b417fe163da503b9 HTTP/1.1" 200 469
::1 - - [23/Oct/2017:11:04:12 -0200] "GET /phpmyadmin/sql.php?server=1&db=educatio&table=livros&pos=0&token=426c9c09057ffb49b417fe163da503b9&ajax_request=true&ajax_page_request=true&menuHashes=3580a5d0-3dac406c-6c794204&_nocache=1508763852045742640 HTTP/1.1" 200 7189
::1 - - [23/Oct/2017:11:04:12 -0200] "GET /phpmyadmin/index.php?ajax_request=1&recent_table=1&token=426c9c09057ffb49b417fe163da503b9 HTTP/1.1" 200 469
::1 - - [23/Oct/2017:11:06:08 -0200] "GET /phpmyadmin/tbl_structure.php?db=educatio&table=livros&server=1&target=&token=426c9c09057ffb49b417fe163da503b9 HTTP/1.1" 200 39195
::1 - - [23/Oct/2017:11:06:08 -0200] "GET /phpmyadmin/sql.php?db=educatio&table=livros&server=1&target=&token=426c9c09057ffb49b417fe163da503b9 HTTP/1.1" 200 33659
::1 - - [23/Oct/2017:11:06:09 -0200] "GET /phpmyadmin/js/get_scripts.js.php?scripts[]=jquery/jquery-1.8.3.js&scripts[]=ajax.js&scripts[]=keyhandler.js&scripts[]=jquery/jquery-ui-1.9.2.custom.js&scripts[]=jquery/jquery.sprintf.js&scripts[]=jquery/jquery.cookie.js&scripts[]=jquery/jquery.mousewheel.js&scripts[]=jquery/jquery.event.drag-2.2.js&scripts[]=jquery/jquery-ui-timepicker-addon.js&scripts[]=jquery/jquery.ba-hashchange-1.3.js&scripts[]=jquery/jquery.debounce-1.0.5.js&scripts[]=jquery/jquery.menuResizer-1.0.js&scripts[]=rte.js&scripts[]=functions.js&scripts[]=navigation.js&scripts[]=indexes.js&scripts[]=common.js&scripts[]=tbl_change.js&scripts[]=tbl_structure.js&scripts[]=gis_data_editor.js&scripts[]=makegrid.js&scripts[]=sql.js&scripts[]=codemirror/lib/codemirror.js&scripts[]=codemirror/mode/mysql/mysql.js HTTP/1.1" 200 635923
::1 - - [23/Oct/2017:11:06:09 -0200] "GET /phpmyadmin/index.php?ajax_request=1&recent_table=1&token=426c9c09057ffb49b417fe163da503b9 HTTP/1.1" 200 469
::1 - - [23/Oct/2017:11:10:21 -0200] "GET /phpmyadmin/navigation.php?ajax_request=1&token=426c9c09057ffb49b417fe163da503b9&aPath=cm9vdA%3D%3D.ZWR1Y2F0aW8%3D&vPath=cm9vdA%3D%3D.ZWR1Y2F0aW8%3D&pos=0&pos2_name=&pos2_value=&searchClause=&searchClause2=&_nocache=150876422186595669 HTTP/1.1" 200 18640
::1 - - [23/Oct/2017:11:10:41 -0200] "GET /phpmyadmin/sql.php?server=1&db=educatio&table=partes&pos=0&token=426c9c09057ffb49b417fe163da503b9&ajax_request=true&ajax_page_request=true&menuHashes=6c794204&_nocache=1508764241800474172 HTTP/1.1" 200 10286
::1 - - [23/Oct/2017:11:10:41 -0200] "GET /phpmyadmin/index.php?ajax_request=1&recent_table=1&token=426c9c09057ffb49b417fe163da503b9 HTTP/1.1" 200 591
::1 - - [23/Oct/2017:11:10:44 -0200] "GET /phpmyadmin/navigation.php?ajax_request=1&token=426c9c09057ffb49b417fe163da503b9&aPath=cm9vdA%3D%3D.ZWR1Y2F0aW8%3D.dGFibGVz.cGFydGVz&vPath=cm9vdA%3D%3D.ZWR1Y2F0aW8%3D.VGFiZWxhcw%3D%3D.cGFydGVz&pos=0&pos2_name=tables&pos2_value=0&searchClause=&searchClause2=&_nocache=1508764244128460773 HTTP/1.1" 200 3420
::1 - - [23/Oct/2017:11:10:44 -0200] "GET /phpmyadmin/tbl_structure.php?server=1&db=educatio&table=partes&token=426c9c09057ffb49b417fe163da503b9&ajax_request=true&ajax_page_request=true&menuHashes=6c794204-d6487fab&_nocache=1508764244968779182 HTTP/1.1" 200 45650
::1 - - [23/Oct/2017:11:10:45 -0200] "GET /phpmyadmin/index.php?ajax_request=1&recent_table=1&token=426c9c09057ffb49b417fe163da503b9 HTTP/1.1" 200 591
::1 - - [23/Oct/2017:11:10:46 -0200] "GET /phpmyadmin/navigation.php?ajax_request=1&token=426c9c09057ffb49b417fe163da503b9&aPath=cm9vdA%3D%3D.ZWR1Y2F0aW8%3D.dGFibGVz.cGVyaW9kaWNvcw%3D%3D&vPath=cm9vdA%3D%3D.ZWR1Y2F0aW8%3D.VGFiZWxhcw%3D%3D.cGVyaW9kaWNvcw%3D%3D&pos=0&pos2_name=tables&pos2_value=0&searchClause=&searchClause2=&_nocache=1508764246005809457 HTTP/1.1" 200 3484
::1 - - [23/Oct/2017:11:10:49 -0200] "GET /phpmyadmin/tbl_structure.php?server=1&db=educatio&table=periodicos&token=426c9c09057ffb49b417fe163da503b9&ajax_request=true&ajax_page_request=true&menuHashes=6c794204-d6487fab-1251e53e&_nocache=1508764249264870900 HTTP/1.1" 200 50127
::1 - - [23/Oct/2017:11:10:49 -0200] "GET /phpmyadmin/index.php?ajax_request=1&recent_table=1&token=426c9c09057ffb49b417fe163da503b9 HTTP/1.1" 200 721
::1 - - [23/Oct/2017:11:12:00 -0200] "GET /phpmyadmin/navigation.php?ajax_request=1&token=426c9c09057ffb49b417fe163da503b9&aPath=cm9vdA%3D%3D.ZWR1Y2F0aW8%3D.dGFibGVz.bWlkaWFz&vPath=cm9vdA%3D%3D.ZWR1Y2F0aW8%3D.VGFiZWxhcw%3D%3D.bWlkaWFz&pos=0&pos2_name=tables&pos2_value=0&searchClause=&searchClause2=&_nocache=1508764320861552822 HTTP/1.1" 200 3420
::1 - - [23/Oct/2017:11:12:04 -0200] "GET /phpmyadmin/navigation.php?ajax_request=1&token=426c9c09057ffb49b417fe163da503b9&aPath=cm9vdA%3D%3D.ZWR1Y2F0aW8%3D.dGFibGVz.YWNhZGVtaWNvcw%3D%3D&vPath=cm9vdA%3D%3D.ZWR1Y2F0aW8%3D.VGFiZWxhcw%3D%3D.YWNhZGVtaWNvcw%3D%3D&pos=0&pos2_name=tables&pos2_value=0&searchClause=&searchClause2=&_nocache=1508764324333622359 HTTP/1.1" 200 3484
::1 - - [23/Oct/2017:11:12:06 -0200] "GET /phpmyadmin/sql.php?server=1&db=educatio&table=acervo&pos=0&token=426c9c09057ffb49b417fe163da503b9&ajax_request=true&ajax_page_request=true&menuHashes=6c794204-d6487fab-1251e53e-2f019848&_nocache=1508764326093921340 HTTP/1.1" 200 70839
::1 - - [23/Oct/2017:11:12:06 -0200] "GET /phpmyadmin/index.php?ajax_request=1&recent_table=1&token=426c9c09057ffb49b417fe163da503b9 HTTP/1.1" 200 721
::1 - - [23/Oct/2017:11:12:14 -0200] "POST /phpmyadmin/tbl_row_action.php HTTP/1.1" 200 17876
::1 - - [23/Oct/2017:11:12:15 -0200] "GET /phpmyadmin/themes/pmahomme/jquery/jquery-ui-1.9.2.custom.css HTTP/1.1" 304 -
::1 - - [23/Oct/2017:11:12:15 -0200] "GET /phpmyadmin/js/get_scripts.js.php?scripts[]=jquery/jquery-1.8.3.js&scripts[]=ajax.js&scripts[]=keyhandler.js&scripts[]=jquery/jquery-ui-1.9.2.custom.js&scripts[]=jquery/jquery.sprintf.js&scripts[]=jquery/jquery.cookie.js&scripts[]=jquery/jquery.mousewheel.js&scripts[]=jquery/jquery.event.drag-2.2.js&scripts[]=jquery/jquery-ui-timepicker-addon.js&scripts[]=jquery/jquery.ba-hashchange-1.3.js&scripts[]=jquery/jquery.debounce-1.0.5.js&scripts[]=jquery/jquery.menuResizer-1.0.js&scripts[]=rte.js&scripts[]=functions.js&scripts[]=navigation.js&scripts[]=indexes.js&scripts[]=common.js&scripts[]=codemirror/lib/codemirror.js&scripts[]=codemirror/mode/mysql/mysql.js HTTP/1.1" 200 578621
::1 - - [23/Oct/2017:11:12:15 -0200] "GET /phpmyadmin/themes/pmahomme/img/logo_left.png HTTP/1.1" 304 -
::1 - - [23/Oct/2017:11:12:15 -0200] "GET /phpmyadmin/themes/dot.gif HTTP/1.1" 304 -
::1 - - [23/Oct/2017:11:12:15 -0200] "GET /phpmyadmin/themes/pmahomme/img/ajax_clock_small.gif HTTP/1.1" 304 -
::1 - - [23/Oct/2017:11:12:15 -0200] "GET /phpmyadmin/js/messages.php?lang=pt&db=educatio&server=0&token=426c9c09057ffb49b417fe163da503b9 HTTP/1.1" 200 18108
::1 - - [23/Oct/2017:11:12:15 -0200] "GET /phpmyadmin/themes/pmahomme/img/sprites.png HTTP/1.1" 304 -
::1 - - [23/Oct/2017:11:12:15 -0200] "GET /phpmyadmin/themes/pmahomme/img/left_nav_bg.png HTTP/1.1" 304 -
::1 - - [23/Oct/2017:11:12:15 -0200] "GET /phpmyadmin/index.php?ajax_request=1&recent_table=1&token=426c9c09057ffb49b417fe163da503b9 HTTP/1.1" 200 721
::1 - - [23/Oct/2017:11:12:17 -0200] "GET /phpmyadmin/navigation.php?ajax_request=1&token=426c9c09057ffb49b417fe163da503b9&aPath=cm9vdA%3D%3D.ZWR1Y2F0aW8%3D&vPath=cm9vdA%3D%3D.ZWR1Y2F0aW8%3D&pos=0&pos2_name=&pos2_value=&searchClause=&searchClause2=&_nocache=1508764337985984527 HTTP/1.1" 200 18640
::1 - - [23/Oct/2017:11:16:03 -0200] "GET /phpmyadmin/sql.php?server=1&db=educatio&table=partes&pos=0&token=426c9c09057ffb49b417fe163da503b9&ajax_request=true&ajax_page_request=true&_nocache=1508764563583992041 HTTP/1.1" 200 10286
::1 - - [23/Oct/2017:11:16:03 -0200] "GET /phpmyadmin/js/get_scripts.js.php?scripts[]=tbl_change.js&scripts[]=tbl_structure.js&scripts[]=gis_data_editor.js HTTP/1.1" 200 22203
::1 - - [23/Oct/2017:11:16:03 -0200] "GET /phpmyadmin/index.php?ajax_request=1&recent_table=1&token=426c9c09057ffb49b417fe163da503b9 HTTP/1.1" 200 721
::1 - - [23/Oct/2017:11:16:05 -0200] "GET /phpmyadmin/navigation.php?ajax_request=1&token=426c9c09057ffb49b417fe163da503b9&aPath=cm9vdA%3D%3D.ZWR1Y2F0aW8%3D.dGFibGVz.cGFydGVz&vPath=cm9vdA%3D%3D.ZWR1Y2F0aW8%3D.VGFiZWxhcw%3D%3D.cGFydGVz&pos=0&pos2_name=tables&pos2_value=0&searchClause=&searchClause2=&_nocache=1508764565345190847 HTTP/1.1" 200 3420
::1 - - [23/Oct/2017:11:16:06 -0200] "GET /phpmyadmin/tbl_structure.php?server=1&db=educatio&table=partes&token=426c9c09057ffb49b417fe163da503b9&ajax_request=true&ajax_page_request=true&menuHashes=d6487fab&_nocache=1508764566478135400 HTTP/1.1" 200 45650
::1 - - [23/Oct/2017:11:16:06 -0200] "GET /phpmyadmin/themes/pmahomme/img/arrow_ltr.png HTTP/1.1" 304 -
::1 - - [23/Oct/2017:11:16:06 -0200] "GET /phpmyadmin/index.php?ajax_request=1&recent_table=1&token=426c9c09057ffb49b417fe163da503b9 HTTP/1.1" 200 721
::1 - - [23/Oct/2017:11:16:08 -0200] "GET /phpmyadmin/navigation.php?ajax_request=1&token=426c9c09057ffb49b417fe163da503b9&aPath=cm9vdA%3D%3D.ZWR1Y2F0aW8%3D.dGFibGVz.cGVyaW9kaWNvcw%3D%3D&vPath=cm9vdA%3D%3D.ZWR1Y2F0aW8%3D.VGFiZWxhcw%3D%3D.cGVyaW9kaWNvcw%3D%3D&pos=0&pos2_name=tables&pos2_value=0&searchClause=&searchClause2=&_nocache=1508764568717982411 HTTP/1.1" 200 3484
::1 - - [23/Oct/2017:11:16:09 -0200] "GET /phpmyadmin/tbl_structure.php?server=1&db=educatio&table=periodicos&token=426c9c09057ffb49b417fe163da503b9&ajax_request=true&ajax_page_request=true&menuHashes=d6487fab-1251e53e&_nocache=1508764569599450095 HTTP/1.1" 200 50127
::1 - - [23/Oct/2017:11:16:09 -0200] "GET /phpmyadmin/index.php?ajax_request=1&recent_table=1&token=426c9c09057ffb49b417fe163da503b9 HTTP/1.1" 200 721
::1 - - [23/Oct/2017:09:31:53 -0200] "GET /phpmyadmin/sql.php?server=1&db=educatio&table=partes&pos=0&token=426c9c09057ffb49b417fe163da503b9&ajax_request=true&ajax_page_request=true&menuHashes=d6487fab-1251e53e-2f019848&_nocache=1508758313315123268 HTTP/1.1" 200 7189
::1 - - [23/Oct/2017:09:31:56 -0200] "GET /phpmyadmin/index.php?ajax_request=1&recent_table=1&token=426c9c09057ffb49b417fe163da503b9 HTTP/1.1" 200 721
::1 - - [23/Oct/2017:09:31:58 -0200] "GET /phpmyadmin/tbl_structure.php?server=1&db=educatio&table=partes&token=426c9c09057ffb49b417fe163da503b9&ajax_request=true&ajax_page_request=true&menuHashes=d6487fab-1251e53e-2f019848&_nocache=1508758318140635414 HTTP/1.1" 200 42553
::1 - - [23/Oct/2017:09:31:58 -0200] "GET /phpmyadmin/index.php?ajax_request=1&recent_table=1&token=426c9c09057ffb49b417fe163da503b9 HTTP/1.1" 200 721
::1 - - [23/Oct/2017:09:34:06 -0200] "GET /phpmyadmin/sql.php?server=1&db=educatio&table=partes&pos=0&token=426c9c09057ffb49b417fe163da503b9&ajax_request=true&ajax_page_request=true&menuHashes=d6487fab-1251e53e-2f019848&_nocache=1508758446107331699 HTTP/1.1" 200 27723
::1 - - [23/Oct/2017:09:34:08 -0200] "GET /phpmyadmin/js/get_scripts.js.php?scripts[]=makegrid.js&scripts[]=sql.js HTTP/1.1" 200 35099
::1 - - [23/Oct/2017:09:34:08 -0200] "GET /phpmyadmin/index.php?ajax_request=1&recent_table=1&token=426c9c09057ffb49b417fe163da503b9 HTTP/1.1" 200 721
::1 - - [23/Oct/2017:09:34:22 -0200] "GET /phpmyadmin/sql.php?server=1&db=educatio&table=acervo&pos=0&token=426c9c09057ffb49b417fe163da503b9&ajax_request=true&ajax_page_request=true&menuHashes=d6487fab-1251e53e-2f019848&_nocache=1508758462433315445 HTTP/1.1" 200 95880
::1 - - [23/Oct/2017:09:34:23 -0200] "GET /phpmyadmin/index.php?ajax_request=1&recent_table=1&token=426c9c09057ffb49b417fe163da503b9 HTTP/1.1" 200 721
::1 - - [23/Oct/2017:09:34:32 -0200] "GET /phpmyadmin/sql.php?server=1&db=educatio&table=partes&pos=0&token=426c9c09057ffb49b417fe163da503b9&ajax_request=true&ajax_page_request=true&menuHashes=d6487fab-1251e53e-2f019848-3dac406c&_nocache=1508758472645915773 HTTP/1.1" 200 27723
::1 - - [23/Oct/2017:09:34:33 -0200] "GET /phpmyadmin/index.php?ajax_request=1&recent_table=1&token=426c9c09057ffb49b417fe163da503b9 HTTP/1.1" 200 721
::1 - - [23/Oct/2017:09:34:34 -0200] "GET /phpmyadmin/sql.php?server=1&db=educatio&table=periodicos&pos=0&token=426c9c09057ffb49b417fe163da503b9&ajax_request=true&ajax_page_request=true&menuHashes=d6487fab-1251e53e-2f019848-3dac406c&_nocache=1508758474965106091 HTTP/1.1" 200 10446
::1 - - [23/Oct/2017:09:34:35 -0200] "GET /phpmyadmin/index.php?ajax_request=1&recent_table=1&token=426c9c09057ffb49b417fe163da503b9 HTTP/1.1" 200 721
::1 - - [23/Oct/2017:09:34:37 -0200] "GET /phpmyadmin/sql.php?server=1&db=educatio&table=periodicos&pos=0&token=426c9c09057ffb49b417fe163da503b9&ajax_request=true&ajax_page_request=true&menuHashes=d6487fab-1251e53e-2f019848-3dac406c-fe738c22&_nocache=1508758477179356009 HTTP/1.1" 200 7305
::1 - - [23/Oct/2017:09:34:37 -0200] "GET /phpmyadmin/index.php?ajax_request=1&recent_table=1&token=426c9c09057ffb49b417fe163da503b9 HTTP/1.1" 200 721
::1 - - [23/Oct/2017:09:34:37 -0200] "GET /phpmyadmin/sql.php?server=1&db=educatio&table=periodicos&pos=0&token=426c9c09057ffb49b417fe163da503b9&ajax_request=true&ajax_page_request=true&menuHashes=d6487fab-1251e53e-2f019848-3dac406c-fe738c22&_nocache=1508758477818437682 HTTP/1.1" 200 7305
::1 - - [23/Oct/2017:09:34:37 -0200] "GET /phpmyadmin/index.php?ajax_request=1&recent_table=1&token=426c9c09057ffb49b417fe163da503b9 HTTP/1.1" 200 721
::1 - - [23/Oct/2017:09:34:38 -0200] "GET /phpmyadmin/sql.php?server=1&db=educatio&table=partes&pos=0&token=426c9c09057ffb49b417fe163da503b9&ajax_request=true&ajax_page_request=true&menuHashes=d6487fab-1251e53e-2f019848-3dac406c-fe738c22&_nocache=150875847863492566 HTTP/1.1" 200 27723
::1 - - [23/Oct/2017:09:34:38 -0200] "GET /phpmyadmin/index.php?ajax_request=1&recent_table=1&token=426c9c09057ffb49b417fe163da503b9 HTTP/1.1" 200 721
::1 - - [23/Oct/2017:09:34:58 -0200] "GET /phpmyadmin/sql.php?server=1&db=educatio&table=acervo&pos=0&token=426c9c09057ffb49b417fe163da503b9&ajax_request=true&ajax_page_request=true&menuHashes=d6487fab-1251e53e-2f019848-3dac406c-fe738c22&_nocache=150875849844559214 HTTP/1.1" 200 92783
::1 - - [23/Oct/2017:09:35:00 -0200] "GET /phpmyadmin/index.php?ajax_request=1&recent_table=1&token=426c9c09057ffb49b417fe163da503b9 HTTP/1.1" 200 721
::1 - - [23/Oct/2017:09:35:09 -0200] "POST /phpmyadmin/tbl_row_action.php HTTP/1.1" 200 20621
::1 - - [23/Oct/2017:09:35:10 -0200] "GET /phpmyadmin/index.php?ajax_request=1&recent_table=1&token=426c9c09057ffb49b417fe163da503b9 HTTP/1.1" 200 721
::1 - - [23/Oct/2017:09:35:11 -0200] "GET /phpmyadmin/navigation.php?ajax_request=1&token=426c9c09057ffb49b417fe163da503b9&aPath=cm9vdA%3D%3D.ZWR1Y2F0aW8%3D&vPath=cm9vdA%3D%3D.ZWR1Y2F0aW8%3D&pos=0&pos2_name=&pos2_value=&searchClause=&searchClause2=&_nocache=1508758511829176480 HTTP/1.1" 200 18640
::1 - - [23/Oct/2017:09:35:14 -0200] "GET /phpmyadmin/sql.php?server=1&db=educatio&table=livros&pos=0&token=426c9c09057ffb49b417fe163da503b9&ajax_request=true&ajax_page_request=true&_nocache=1508758514203593911 HTTP/1.1" 200 34534
::1 - - [23/Oct/2017:09:35:14 -0200] "GET /phpmyadmin/js/get_scripts.js.php?scripts[]=tbl_change.js&scripts[]=tbl_structure.js&scripts[]=gis_data_editor.js&scripts[]=makegrid.js&scripts[]=sql.js HTTP/1.1" 200 57302
::1 - - [23/Oct/2017:09:35:14 -0200] "GET /phpmyadmin/index.php?ajax_request=1&recent_table=1&token=426c9c09057ffb49b417fe163da503b9 HTTP/1.1" 200 721
::1 - - [23/Oct/2017:09:35:17 -0200] "POST /phpmyadmin/tbl_row_action.php HTTP/1.1" 200 14233
::1 - - [23/Oct/2017:09:35:17 -0200] "GET /phpmyadmin/index.php?ajax_request=1&recent_table=1&token=426c9c09057ffb49b417fe163da503b9 HTTP/1.1" 200 721
::1 - - [23/Oct/2017:09:35:18 -0200] "GET /phpmyadmin/db_structure.php?server=1&db=educatio&token=426c9c09057ffb49b417fe163da503b9&ajax_request=true&ajax_page_request=true&_nocache=1508758518622413375 HTTP/1.1" 200 75104
::1 - - [23/Oct/2017:09:35:19 -0200] "GET /phpmyadmin/js/get_scripts.js.php?scripts[]=db_structure.js&scripts[]=tbl_change.js HTTP/1.1" 200 12382
::1 - - [23/Oct/2017:09:35:19 -0200] "GET /phpmyadmin/navigation.php?ajax_request=1&token=426c9c09057ffb49b417fe163da503b9&aPath=cm9vdA%3D%3D.ZWR1Y2F0aW8%3D&vPath=cm9vdA%3D%3D.ZWR1Y2F0aW8%3D&pos=0&pos2_name=&pos2_value=&searchClause=&searchClause2=&_nocache=1508758519893815272 HTTP/1.1" 200 18640
::1 - - [23/Oct/2017:09:35:27 -0200] "GET /phpmyadmin/navigation.php?ajax_request=1&token=426c9c09057ffb49b417fe163da503b9&aPath=cm9vdA%3D%3D.ZWR1Y2F0aW8%3D.dGFibGVz.cGFydGVz&vPath=cm9vdA%3D%3D.ZWR1Y2F0aW8%3D.VGFiZWxhcw%3D%3D.cGFydGVz&pos=0&pos2_name=tables&pos2_value=0&searchClause=&searchClause2=&_nocache=1508758527223696928 HTTP/1.1" 200 3420
::1 - - [23/Oct/2017:09:35:27 -0200] "GET /phpmyadmin/sql.php?server=1&db=educatio&table=partes&pos=0&token=426c9c09057ffb49b417fe163da503b9&ajax_request=true&ajax_page_request=true&menuHashes=a1585ca8&_nocache=1508758527765639286 HTTP/1.1" 200 30820
::1 - - [23/Oct/2017:09:35:29 -0200] "GET /phpmyadmin/js/get_scripts.js.php?scripts[]=tbl_structure.js&scripts[]=gis_data_editor.js&scripts[]=makegrid.js&scripts[]=sql.js HTTP/1.1" 200 50287
::1 - - [23/Oct/2017:09:35:29 -0200] "GET /phpmyadmin/index.php?ajax_request=1&recent_table=1&token=426c9c09057ffb49b417fe163da503b9 HTTP/1.1" 200 721
::1 - - [23/Oct/2017:09:35:31 -0200] "POST /phpmyadmin/tbl_row_action.php HTTP/1.1" 200 13633
::1 - - [23/Oct/2017:09:35:31 -0200] "GET /phpmyadmin/index.php?ajax_request=1&recent_table=1&token=426c9c09057ffb49b417fe163da503b9 HTTP/1.1" 200 721
::1 - - [23/Oct/2017:09:35:33 -0200] "GET /phpmyadmin/navigation.php?ajax_request=1&token=426c9c09057ffb49b417fe163da503b9&aPath=cm9vdA%3D%3D.ZWR1Y2F0aW8%3D&vPath=cm9vdA%3D%3D.ZWR1Y2F0aW8%3D&pos=0&pos2_name=&pos2_value=&searchClause=&searchClause2=&_nocache=1508758533119701555 HTTP/1.1" 200 18640
::1 - - [23/Oct/2017:09:35:46 -0200] "GET /phpmyadmin/sql.php?server=1&db=educatio&table=acervo&pos=0&token=426c9c09057ffb49b417fe163da503b9&ajax_request=true&ajax_page_request=true&_nocache=1508758546469171678 HTTP/1.1" 200 98663
::1 - - [23/Oct/2017:09:35:47 -0200] "GET /phpmyadmin/index.php?ajax_request=1&recent_table=1&token=426c9c09057ffb49b417fe163da503b9 HTTP/1.1" 200 721
::1 - - [23/Oct/2017:09:35:56 -0200] "POST /phpmyadmin/tbl_row_action.php HTTP/1.1" 200 20926
::1 - - [23/Oct/2017:09:35:58 -0200] "GET /phpmyadmin/index.php?ajax_request=1&recent_table=1&token=426c9c09057ffb49b417fe163da503b9 HTTP/1.1" 200 721
::1 - - [23/Oct/2017:09:35:59 -0200] "POST /phpmyadmin/tbl_row_action.php HTTP/1.1" 302 10294
::1 - - [23/Oct/2017:09:36:00 -0200] "GET /phpmyadmin/tbl_structure.php?db=educatio&table=acervo&token=426c9c09057ffb49b417fe163da503b9&sql_query=SELECT+%2A+FROM+%60acervo%60&message=%3Cimg+src%3D%22themes%2Fdot.gif%22+title%3D%22%22+alt%3D%22%22+class%3D%22icon+ic_s_success%22+%2F%3E+MySQL+n%C3%A3o+retornou+nenhum+registo.+%28O+Query+demorou+0.0004+sec%29 HTTP/1.1" 200 61187
::1 - - [23/Oct/2017:09:36:35 -0200] "POST /phpmyadmin/tbl_row_action.php HTTP/1.1" 302 10294
::1 - - [23/Oct/2017:09:36:35 -0200] "GET /phpmyadmin/tbl_structure.php?db=educatio&table=acervo&token=426c9c09057ffb49b417fe163da503b9&sql_query=SELECT+%2A+FROM+%60acervo%60&message=%3Cimg+src%3D%22themes%2Fdot.gif%22+title%3D%22%22+alt%3D%22%22+class%3D%22icon+ic_s_success%22+%2F%3E+MySQL+n%C3%A3o+retornou+nenhum+registo.+%28O+Query+demorou+0.0003+sec%29 HTTP/1.1" 200 61187
::1 - - [23/Oct/2017:09:36:38 -0200] "GET /phpmyadmin/db_structure.php?server=1&db=educatio&token=426c9c09057ffb49b417fe163da503b9&ajax_request=true&ajax_page_request=true&_nocache=1508758598034213821 HTTP/1.1" 200 75106
::1 - - [23/Oct/2017:09:36:38 -0200] "GET /phpmyadmin/db_structure.php?server=1&db=educatio&token=426c9c09057ffb49b417fe163da503b9&ajax_request=true&ajax_page_request=true&menuHashes=a1585ca8&_nocache=1508758598555592627 HTTP/1.1" 200 71866
::1 - - [23/Oct/2017:09:36:41 -0200] "GET /phpmyadmin/sql.php?db=educatio&token=426c9c09057ffb49b417fe163da503b9&goto=db_structure.php&table=livros&pos=0&ajax_request=true&ajax_page_request=true&menuHashes=a1585ca8&_nocache=1508758601329819367 HTTP/1.1" 200 34532
::1 - - [23/Oct/2017:09:36:41 -0200] "GET /phpmyadmin/index.php?ajax_request=1&recent_table=1&token=426c9c09057ffb49b417fe163da503b9 HTTP/1.1" 200 721
::1 - - [23/Oct/2017:09:36:43 -0200] "POST /phpmyadmin/tbl_row_action.php HTTP/1.1" 200 14233
::1 - - [23/Oct/2017:09:36:44 -0200] "POST /phpmyadmin/tbl_row_action.php HTTP/1.1" 200 14233
::1 - - [23/Oct/2017:09:36:45 -0200] "GET /phpmyadmin/index.php?ajax_request=1&recent_table=1&token=426c9c09057ffb49b417fe163da503b9 HTTP/1.1" 200 721
::1 - - [23/Oct/2017:09:36:47 -0200] "POST /phpmyadmin/tbl_row_action.php HTTP/1.1" 302 10294
::1 - - [23/Oct/2017:09:36:47 -0200] "GET /phpmyadmin/tbl_structure.php?db=educatio&table=livros&token=426c9c09057ffb49b417fe163da503b9&sql_query=SELECT+%2A+FROM+%60livros%60&message=%3Cimg+src%3D%22themes%2Fdot.gif%22+title%3D%22%22+alt%3D%22%22+class%3D%22icon+ic_s_success%22+%2F%3E+MySQL+n%C3%A3o+retornou+nenhum+registo.+%28O+Query+demorou+0.0004+sec%29 HTTP/1.1" 200 41693
::1 - - [23/Oct/2017:09:36:48 -0200] "GET /phpmyadmin/navigation.php?ajax_request=1&token=426c9c09057ffb49b417fe163da503b9&aPath=cm9vdA%3D%3D.ZWR1Y2F0aW8%3D&vPath=cm9vdA%3D%3D.ZWR1Y2F0aW8%3D&pos=0&pos2_name=&pos2_value=&searchClause=&searchClause2=&_nocache=1508758608806302416 HTTP/1.1" 200 18640
::1 - - [23/Oct/2017:09:36:50 -0200] "GET /phpmyadmin/db_structure.php?server=1&db=educatio&token=426c9c09057ffb49b417fe163da503b9&ajax_request=true&ajax_page_request=true&_nocache=1508758610330508319 HTTP/1.1" 200 75108
::1 - - [23/Oct/2017:09:36:53 -0200] "GET /phpmyadmin/sql.php?db=educatio&token=426c9c09057ffb49b417fe163da503b9&goto=db_structure.php&table=partes&pos=0&ajax_request=true&ajax_page_request=true&menuHashes=a1585ca8&_nocache=1508758613010998460 HTTP/1.1" 200 33404
::1 - - [23/Oct/2017:09:36:53 -0200] "GET /phpmyadmin/index.php?ajax_request=1&recent_table=1&token=426c9c09057ffb49b417fe163da503b9 HTTP/1.1" 200 721
::1 - - [23/Oct/2017:09:36:55 -0200] "POST /phpmyadmin/tbl_row_action.php HTTP/1.1" 200 13933
::1 - - [23/Oct/2017:09:36:55 -0200] "GET /phpmyadmin/index.php?ajax_request=1&recent_table=1&token=426c9c09057ffb49b417fe163da503b9 HTTP/1.1" 200 721
::1 - - [23/Oct/2017:09:36:56 -0200] "POST /phpmyadmin/tbl_row_action.php HTTP/1.1" 302 10294
::1 - - [23/Oct/2017:09:36:57 -0200] "GET /phpmyadmin/tbl_structure.php?db=educatio&table=partes&token=426c9c09057ffb49b417fe163da503b9&sql_query=SELECT+%2A+FROM+%60partes%60&message=%3Cimg+src%3D%22themes%2Fdot.gif%22+title%3D%22%22+alt%3D%22%22+class%3D%22icon+ic_s_success%22+%2F%3E+MySQL+n%C3%A3o+retornou+nenhum+registo.+%28O+Query+demorou+0.0003+sec%29 HTTP/1.1" 200 49451
::1 - - [23/Oct/2017:09:37:19 -0200] "GET /phpmyadmin/db_structure.php?server=1&db=educatio&token=426c9c09057ffb49b417fe163da503b9&ajax_request=true&ajax_page_request=true&_nocache=1508758639427113081 HTTP/1.1" 200 75111
::1 - - [23/Oct/2017:09:37:23 -0200] "GET /phpmyadmin/navigation.php?ajax_request=1&token=426c9c09057ffb49b417fe163da503b9&aPath=cm9vdA%3D%3D.ZWR1Y2F0aW8%3D&vPath=cm9vdA%3D%3D.ZWR1Y2F0aW8%3D&pos=0&pos2_name=&pos2_value=&searchClause=&searchClause2=&_nocache=1508758643596677274 HTTP/1.1" 200 18640
::1 - - [23/Oct/2017:09:37:34 -0200] "GET /phpmyadmin/db_structure.php?server=1&db=educatio&token=426c9c09057ffb49b417fe163da503b9&ajax_request=true&ajax_page_request=true&menuHashes=a1585ca8&_nocache=1508758654810889375 HTTP/1.1" 200 71868
::1 - - [23/Oct/2017:09:37:41 -0200] "GET /phpmyadmin/sql.php?server=1&db=educatio&table=partes&pos=0&token=426c9c09057ffb49b417fe163da503b9&ajax_request=true&ajax_page_request=true&menuHashes=a1585ca8&_nocache=1508758661162525479 HTTP/1.1" 200 10286
::1 - - [23/Oct/2017:09:37:41 -0200] "GET /phpmyadmin/js/get_scripts.js.php?scripts[]=tbl_structure.js&scripts[]=gis_data_editor.js HTTP/1.1" 200 15188
::1 - - [23/Oct/2017:09:37:41 -0200] "GET /phpmyadmin/index.php?ajax_request=1&recent_table=1&token=426c9c09057ffb49b417fe163da503b9 HTTP/1.1" 200 721
::1 - - [23/Oct/2017:09:37:42 -0200] "GET /phpmyadmin/navigation.php?ajax_request=1&token=426c9c09057ffb49b417fe163da503b9&aPath=cm9vdA%3D%3D.ZWR1Y2F0aW8%3D.dGFibGVz.cGFydGVz&vPath=cm9vdA%3D%3D.ZWR1Y2F0aW8%3D.VGFiZWxhcw%3D%3D.cGFydGVz&pos=0&pos2_name=tables&pos2_value=0&searchClause=&searchClause2=&_nocache=1508758662252987901 HTTP/1.1" 200 3420
::1 - - [23/Oct/2017:09:37:43 -0200] "GET /phpmyadmin/tbl_structure.php?server=1&db=educatio&table=partes&token=426c9c09057ffb49b417fe163da503b9&ajax_request=true&ajax_page_request=true&menuHashes=a1585ca8-d6487fab&_nocache=1508758663508636377 HTTP/1.1" 200 45650
::1 - - [23/Oct/2017:09:37:43 -0200] "GET /phpmyadmin/index.php?ajax_request=1&recent_table=1&token=426c9c09057ffb49b417fe163da503b9 HTTP/1.1" 200 721
::1 - - [23/Oct/2017:09:37:44 -0200] "GET /phpmyadmin/navigation.php?ajax_request=1&token=426c9c09057ffb49b417fe163da503b9&aPath=cm9vdA%3D%3D.ZWR1Y2F0aW8%3D.dGFibGVz.cGVyaW9kaWNvcw%3D%3D&vPath=cm9vdA%3D%3D.ZWR1Y2F0aW8%3D.VGFiZWxhcw%3D%3D.cGVyaW9kaWNvcw%3D%3D&pos=0&pos2_name=tables&pos2_value=0&searchClause=&searchClause2=&_nocache=1508758664660668284 HTTP/1.1" 200 3484
::1 - - [23/Oct/2017:09:37:45 -0200] "GET /phpmyadmin/sql.php?server=1&db=educatio&table=periodicos&pos=0&token=426c9c09057ffb49b417fe163da503b9&ajax_request=true&ajax_page_request=true&menuHashes=a1585ca8-d6487fab-1251e53e&_nocache=1508758665993456283 HTTP/1.1" 200 10446
::1 - - [23/Oct/2017:09:37:46 -0200] "GET /phpmyadmin/index.php?ajax_request=1&recent_table=1&token=426c9c09057ffb49b417fe163da503b9 HTTP/1.1" 200 721
::1 - - [23/Oct/2017:09:37:47 -0200] "GET /phpmyadmin/sql.php?server=1&db=educatio&table=acervo&pos=0&token=426c9c09057ffb49b417fe163da503b9&ajax_request=true&ajax_page_request=true&menuHashes=a1585ca8-d6487fab-1251e53e-fe738c22&_nocache=1508758667810230512 HTTP/1.1" 200 21121
::1 - - [23/Oct/2017:09:37:48 -0200] "GET /phpmyadmin/index.php?ajax_request=1&recent_table=1&token=426c9c09057ffb49b417fe163da503b9 HTTP/1.1" 200 721
::1 - - [23/Oct/2017:09:38:25 -0200] "POST /phpmyadmin/tbl_row_action.php HTTP/1.1" 200 13933
::1 - - [23/Oct/2017:09:38:25 -0200] "GET /phpmyadmin/sql.php?db=educatio&table=acervo&server=1&target=&token=426c9c09057ffb49b417fe163da503b9 HTTP/1.1" 200 33643
::1 - - [23/Oct/2017:09:38:25 -0200] "GET /phpmyadmin/index.php?ajax_request=1&recent_table=1&token=426c9c09057ffb49b417fe163da503b9 HTTP/1.1" 200 721
::1 - - [23/Oct/2017:09:38:28 -0200] "GET /phpmyadmin/navigation.php?ajax_request=1&token=426c9c09057ffb49b417fe163da503b9&aPath=cm9vdA%3D%3D.ZWR1Y2F0aW8%3D&vPath=cm9vdA%3D%3D.ZWR1Y2F0aW8%3D&pos=0&pos2_name=&pos2_value=&searchClause=&searchClause2=&_nocache=1508758708003520361 HTTP/1.1" 200 18640
::1 - - [23/Oct/2017:09:38:38 -0200] "GET /phpmyadmin/sql.php?server=1&db=educatio&table=livros&pos=0&token=426c9c09057ffb49b417fe163da503b9&ajax_request=true&ajax_page_request=true&menuHashes=3dac406c&_nocache=1508758718959306481 HTTP/1.1" 200 10286
::1 - - [23/Oct/2017:09:38:39 -0200] "GET /phpmyadmin/index.php?ajax_request=1&recent_table=1&token=426c9c09057ffb49b417fe163da503b9 HTTP/1.1" 200 721
::1 - - [23/Oct/2017:09:38:40 -0200] "GET /phpmyadmin/sql.php?server=1&db=educatio&table=partes&pos=0&token=426c9c09057ffb49b417fe163da503b9&ajax_request=true&ajax_page_request=true&menuHashes=3dac406c-6c794204&_nocache=1508758720628220715 HTTP/1.1" 200 20786
::1 - - [23/Oct/2017:09:38:40 -0200] "GET /phpmyadmin/index.php?ajax_request=1&recent_table=1&token=426c9c09057ffb49b417fe163da503b9 HTTP/1.1" 200 721
::1 - - [23/Oct/2017:09:38:42 -0200] "GET /phpmyadmin/sql.php?server=1&db=educatio&table=periodicos&pos=0&token=426c9c09057ffb49b417fe163da503b9&ajax_request=true&ajax_page_request=true&menuHashes=3dac406c-6c794204-d6487fab&_nocache=1508758722624426507 HTTP/1.1" 200 21155
::1 - - [23/Oct/2017:09:38:42 -0200] "GET /phpmyadmin/index.php?ajax_request=1&recent_table=1&token=426c9c09057ffb49b417fe163da503b9 HTTP/1.1" 200 721
::1 - - [23/Oct/2017:09:38:44 -0200] "GET /phpmyadmin/sql.php?server=1&db=educatio&table=partes&pos=0&token=426c9c09057ffb49b417fe163da503b9&ajax_request=true&ajax_page_request=true&menuHashes=3dac406c-6c794204-d6487fab-fe738c22&_nocache=1508758724381574123 HTTP/1.1" 200 17689
::1 - - [23/Oct/2017:09:38:44 -0200] "GET /phpmyadmin/index.php?ajax_request=1&recent_table=1&token=426c9c09057ffb49b417fe163da503b9 HTTP/1.1" 200 721
::1 - - [23/Oct/2017:09:38:46 -0200] "GET /phpmyadmin/sql.php?server=1&db=educatio&table=periodicos&pos=0&token=426c9c09057ffb49b417fe163da503b9&ajax_request=true&ajax_page_request=true&menuHashes=3dac406c-6c794204-d6487fab-fe738c22&_nocache=1508758726058320760 HTTP/1.1" 200 18014
::1 - - [23/Oct/2017:09:38:46 -0200] "GET /phpmyadmin/index.php?ajax_request=1&recent_table=1&token=426c9c09057ffb49b417fe163da503b9 HTTP/1.1" 200 721
::1 - - [23/Oct/2017:09:38:50 -0200] "GET /phpmyadmin/sql.php?server=1&db=educatio&table=profdisciplinas&pos=0&token=426c9c09057ffb49b417fe163da503b9&ajax_request=true&ajax_page_request=true&menuHashes=3dac406c-6c794204-d6487fab-fe738c22&_nocache=1508758730732669560 HTTP/1.1" 200 10646
::1 - - [23/Oct/2017:09:38:50 -0200] "GET /phpmyadmin/index.php?ajax_request=1&recent_table=1&token=426c9c09057ffb49b417fe163da503b9 HTTP/1.1" 200 861
::1 - - [23/Oct/2017:09:38:52 -0200] "GET /phpmyadmin/sql.php?server=1&db=educatio&table=periodicos&pos=0&token=426c9c09057ffb49b417fe163da503b9&ajax_request=true&ajax_page_request=true&menuHashes=3dac406c-6c794204-d6487fab-fe738c22-da7f0be8&_nocache=1508758732459977758 HTTP/1.1" 200 18014
::1 - - [23/Oct/2017:09:38:52 -0200] "GET /phpmyadmin/index.php?ajax_request=1&recent_table=1&token=426c9c09057ffb49b417fe163da503b9 HTTP/1.1" 200 861
::1 - - [23/Oct/2017:09:38:53 -0200] "GET /phpmyadmin/sql.php?server=1&db=educatio&table=partes&pos=0&token=426c9c09057ffb49b417fe163da503b9&ajax_request=true&ajax_page_request=true&menuHashes=3dac406c-6c794204-d6487fab-fe738c22-da7f0be8&_nocache=150875873300361086 HTTP/1.1" 200 17689
::1 - - [23/Oct/2017:09:38:53 -0200] "GET /phpmyadmin/index.php?ajax_request=1&recent_table=1&token=426c9c09057ffb49b417fe163da503b9 HTTP/1.1" 200 861
::1 - - [23/Oct/2017:09:39:12 -0200] "GET /phpmyadmin/sql.php?server=1&db=educatio&table=partes&pos=0&token=426c9c09057ffb49b417fe163da503b9&ajax_request=true&ajax_page_request=true&menuHashes=3dac406c-6c794204-d6487fab-fe738c22-da7f0be8&_nocache=1508758752003482254 HTTP/1.1" 200 22549
::1 - - [23/Oct/2017:09:39:12 -0200] "GET /phpmyadmin/index.php?ajax_request=1&recent_table=1&token=426c9c09057ffb49b417fe163da503b9 HTTP/1.1" 200 861
::1 - - [23/Oct/2017:09:39:14 -0200] "GET /phpmyadmin/sql.php?server=1&db=educatio&table=periodicos&pos=0&token=426c9c09057ffb49b417fe163da503b9&ajax_request=true&ajax_page_request=true&menuHashes=3dac406c-6c794204-d6487fab-fe738c22-da7f0be8&_nocache=1508758754116323105 HTTP/1.1" 200 23349
::1 - - [23/Oct/2017:09:39:14 -0200] "GET /phpmyadmin/index.php?ajax_request=1&recent_table=1&token=426c9c09057ffb49b417fe163da503b9 HTTP/1.1" 200 861
::1 - - [23/Oct/2017:09:39:15 -0200] "GET /phpmyadmin/sql.php?server=1&db=educatio&table=partes&pos=0&token=426c9c09057ffb49b417fe163da503b9&ajax_request=true&ajax_page_request=true&menuHashes=3dac406c-6c794204-d6487fab-fe738c22-da7f0be8&_nocache=1508758755403504770 HTTP/1.1" 200 22549
::1 - - [23/Oct/2017:09:39:15 -0200] "GET /phpmyadmin/index.php?ajax_request=1&recent_table=1&token=426c9c09057ffb49b417fe163da503b9 HTTP/1.1" 200 861
::1 - - [23/Oct/2017:09:40:49 -0200] "GET /phpmyadmin/sql.php?server=1&db=educatio&table=partes&pos=0&token=426c9c09057ffb49b417fe163da503b9&ajax_request=true&ajax_page_request=true&menuHashes=3dac406c-6c794204-d6487fab-fe738c22-da7f0be8&_nocache=1508758849075532914 HTTP/1.1" 200 25134
::1 - - [23/Oct/2017:09:40:49 -0200] "GET /phpmyadmin/index.php?ajax_request=1&recent_table=1&token=426c9c09057ffb49b417fe163da503b9 HTTP/1.1" 200 861
::1 - - [23/Oct/2017:09:40:50 -0200] "GET /phpmyadmin/sql.php?server=1&db=educatio&table=periodicos&pos=0&token=426c9c09057ffb49b417fe163da503b9&ajax_request=true&ajax_page_request=true&menuHashes=3dac406c-6c794204-d6487fab-fe738c22-da7f0be8&_nocache=1508758850732758044 HTTP/1.1" 200 26071
::1 - - [23/Oct/2017:09:40:50 -0200] "GET /phpmyadmin/index.php?ajax_request=1&recent_table=1&token=426c9c09057ffb49b417fe163da503b9 HTTP/1.1" 200 861
::1 - - [23/Oct/2017:09:45:50 -0200] "GET /phpmyadmin/sql.php?server=1&db=educatio&table=periodicos&pos=0&token=426c9c09057ffb49b417fe163da503b9&ajax_request=true&ajax_page_request=true&menuHashes=3dac406c-6c794204-d6487fab-fe738c22-da7f0be8&_nocache=150875915084516995 HTTP/1.1" 200 31516
::1 - - [23/Oct/2017:09:45:51 -0200] "GET /phpmyadmin/index.php?ajax_request=1&recent_table=1&token=426c9c09057ffb49b417fe163da503b9 HTTP/1.1" 200 861
::1 - - [23/Oct/2017:09:48:56 -0200] "GET /phpmyadmin/sql.php?db=educatio&table=acervo&server=1&target=&token=426c9c09057ffb49b417fe163da503b9 HTTP/1.1" 200 46892
::1 - - [23/Oct/2017:09:48:57 -0200] "GET /phpmyadmin/themes/pmahomme/img/s_fulltext.png HTTP/1.1" 200 193
::1 - - [23/Oct/2017:09:48:57 -0200] "GET /phpmyadmin/themes/pmahomme/img/arrow_ltr.png HTTP/1.1" 200 139
::1 - - [23/Oct/2017:09:48:57 -0200] "GET /phpmyadmin/themes/pmahomme/img/s_fulltext.png HTTP/1.1" 304 -
::1 - - [23/Oct/2017:09:48:57 -0200] "GET /phpmyadmin/themes/pmahomme/img/arrow_ltr.png HTTP/1.1" 304 -
::1 - - [23/Oct/2017:09:48:57 -0200] "GET /phpmyadmin/sql.php?db=educatio&table=periodicos&server=1&target=&token=426c9c09057ffb49b417fe163da503b9 HTTP/1.1" 200 43739
::1 - - [23/Oct/2017:09:48:57 -0200] "GET /phpmyadmin/themes/pmahomme/img/left_nav_bg.png HTTP/1.1" 200 297
::1 - - [23/Oct/2017:09:48:57 -0200] "GET /phpmyadmin/themes/pmahomme/img/col_pointer.png HTTP/1.1" 200 113
::1 - - [23/Oct/2017:09:48:57 -0200] "GET /phpmyadmin/themes/pmahomme/img/col_drop.png HTTP/1.1" 200 132
::1 - - [23/Oct/2017:09:48:57 -0200] "GET /phpmyadmin/index.php?ajax_request=1&recent_table=1&token=426c9c09057ffb49b417fe163da503b9 HTTP/1.1" 200 861
::1 - - [23/Oct/2017:09:48:59 -0200] "GET /phpmyadmin/navigation.php?ajax_request=1&token=426c9c09057ffb49b417fe163da503b9&aPath=cm9vdA%3D%3D.ZWR1Y2F0aW8%3D&vPath=cm9vdA%3D%3D.ZWR1Y2F0aW8%3D&pos=0&pos2_name=&pos2_value=&searchClause=&searchClause2=&_nocache=1508759339484935508 HTTP/1.1" 200 18640
::1 - - [23/Oct/2017:09:49:41 -0200] "GET /phpmyadmin/sql.php?server=1&db=educatio&table=periodicos&pos=0&token=426c9c09057ffb49b417fe163da503b9&ajax_request=true&ajax_page_request=true&menuHashes=fe738c22&_nocache=1508759381029382825 HTTP/1.1" 200 39684
::1 - - [23/Oct/2017:09:49:41 -0200] "GET /phpmyadmin/index.php?ajax_request=1&recent_table=1&token=426c9c09057ffb49b417fe163da503b9 HTTP/1.1" 200 861
::1 - - [23/Oct/2017:10:06:32 -0200] "GET /phpmyadmin/sql.php?server=1&db=educatio&table=acervo&pos=0&token=426c9c09057ffb49b417fe163da503b9&ajax_request=true&ajax_page_request=true&menuHashes=fe738c22&_nocache=1508760392756980765 HTTP/1.1" 200 46332
::1 - - [23/Oct/2017:10:06:33 -0200] "GET /phpmyadmin/index.php?ajax_request=1&recent_table=1&token=426c9c09057ffb49b417fe163da503b9 HTTP/1.1" 200 861
::1 - - [23/Oct/2017:10:25:23 -0200] "GET /phpmyadmin/sql.php?server=1&db=educatio&table=acervo&pos=0&token=426c9c09057ffb49b417fe163da503b9&ajax_request=true&ajax_page_request=true&menuHashes=fe738c22-3dac406c&_nocache=1508761523940270652 HTTP/1.1" 200 43235
::1 - - [23/Oct/2017:10:25:24 -0200] "GET /phpmyadmin/index.php?ajax_request=1&recent_table=1&token=426c9c09057ffb49b417fe163da503b9 HTTP/1.1" 200 861
::1 - - [23/Oct/2017:10:25:28 -0200] "GET /phpmyadmin/sql.php?server=1&db=educatio&table=periodicos&pos=0&token=426c9c09057ffb49b417fe163da503b9&ajax_request=true&ajax_page_request=true&menuHashes=fe738c22-3dac406c&_nocache=1508761528212210409 HTTP/1.1" 200 45133
::1 - - [23/Oct/2017:10:25:28 -0200] "GET /phpmyadmin/index.php?ajax_request=1&recent_table=1&token=426c9c09057ffb49b417fe163da503b9 HTTP/1.1" 200 861
::1 - - [23/Oct/2017:10:26:13 -0200] "GET /phpmyadmin/sql.php?server=1&db=educatio&table=academicos&pos=0&token=426c9c09057ffb49b417fe163da503b9&ajax_request=true&ajax_page_request=true&menuHashes=fe738c22-3dac406c&_nocache=1508761573628574407 HTTP/1.1" 200 10446
::1 - - [23/Oct/2017:10:26:13 -0200] "GET /phpmyadmin/index.php?ajax_request=1&recent_table=1&token=426c9c09057ffb49b417fe163da503b9 HTTP/1.1" 200 991
::1 - - [23/Oct/2017:10:26:14 -0200] "GET /phpmyadmin/sql.php?server=1&db=educatio&table=acervo&pos=0&token=426c9c09057ffb49b417fe163da503b9&ajax_request=true&ajax_page_request=true&menuHashes=fe738c22-3dac406c-08ba2c3e&_nocache=1508761574363943996 HTTP/1.1" 200 43235
::1 - - [23/Oct/2017:10:26:14 -0200] "GET /phpmyadmin/index.php?ajax_request=1&recent_table=1&token=426c9c09057ffb49b417fe163da503b9 HTTP/1.1" 200 991
::1 - - [23/Oct/2017:10:40:18 -0200] "GET /phpmyadmin/sql.php?server=1&db=educatio&table=acervo&pos=0&token=426c9c09057ffb49b417fe163da503b9&ajax_request=true&ajax_page_request=true&menuHashes=fe738c22-3dac406c-08ba2c3e&_nocache=150876241854023209 HTTP/1.1" 200 43235
::1 - - [23/Oct/2017:10:40:18 -0200] "GET /phpmyadmin/index.php?ajax_request=1&recent_table=1&token=426c9c09057ffb49b417fe163da503b9 HTTP/1.1" 200 991
::1 - - [23/Oct/2017:10:40:21 -0200] "GET /phpmyadmin/sql.php?server=1&db=educatio&table=periodicos&pos=0&token=426c9c09057ffb49b417fe163da503b9&ajax_request=true&ajax_page_request=true&menuHashes=fe738c22-3dac406c-08ba2c3e&_nocache=150876242135698773 HTTP/1.1" 200 45133
::1 - - [23/Oct/2017:10:40:21 -0200] "GET /phpmyadmin/index.php?ajax_request=1&recent_table=1&token=426c9c09057ffb49b417fe163da503b9 HTTP/1.1" 200 991
::1 - - [23/Oct/2017:10:46:29 -0200] "GET /phpmyadmin/sql.php?db=educatio&table=periodicos&server=1&target=&token=426c9c09057ffb49b417fe163da503b9 HTTP/1.1" 200 59321
::1 - - [23/Oct/2017:10:46:29 -0200] "GET /phpmyadmin/themes/pmahomme/img/s_fulltext.png HTTP/1.1" 200 193
::1 - - [23/Oct/2017:10:46:29 -0200] "GET /phpmyadmin/themes/pmahomme/img/arrow_ltr.png HTTP/1.1" 200 139
::1 - - [23/Oct/2017:10:46:29 -0200] "GET /phpmyadmin/favicon.ico HTTP/1.1" 200 18902
::1 - - [23/Oct/2017:10:46:29 -0200] "GET /phpmyadmin/sql.php?db=educatio&table=periodicos&server=1&target=&token=426c9c09057ffb49b417fe163da503b9 HTTP/1.1" 200 59321
::1 - - [23/Oct/2017:10:46:29 -0200] "GET /phpmyadmin/themes/pmahomme/img/left_nav_bg.png HTTP/1.1" 200 297
::1 - - [23/Oct/2017:10:46:29 -0200] "GET /phpmyadmin/themes/pmahomme/img/col_pointer.png HTTP/1.1" 200 113
::1 - - [23/Oct/2017:10:46:29 -0200] "GET /phpmyadmin/themes/pmahomme/img/col_drop.png HTTP/1.1" 200 132
::1 - - [23/Oct/2017:10:46:29 -0200] "GET /phpmyadmin/index.php?ajax_request=1&recent_table=1&token=426c9c09057ffb49b417fe163da503b9 HTTP/1.1" 200 991
::1 - - [23/Oct/2017:10:47:31 -0200] "GET /phpmyadmin/navigation.php?ajax_request=1&token=426c9c09057ffb49b417fe163da503b9&aPath=cm9vdA%3D%3D.ZWR1Y2F0aW8%3D&vPath=cm9vdA%3D%3D.ZWR1Y2F0aW8%3D&pos=0&pos2_name=&pos2_value=&searchClause=&searchClause2=&_nocache=150876285116254100 HTTP/1.1" 200 18640
::1 - - [23/Oct/2017:10:47:32 -0200] "GET /phpmyadmin/sql.php?server=1&db=educatio&table=acervo&pos=0&token=426c9c09057ffb49b417fe163da503b9&ajax_request=true&ajax_page_request=true&menuHashes=fe738c22&_nocache=1508762852757668280 HTTP/1.1" 200 46332
::1 - - [23/Oct/2017:10:47:33 -0200] "GET /phpmyadmin/index.php?ajax_request=1&recent_table=1&token=426c9c09057ffb49b417fe163da503b9 HTTP/1.1" 200 991
::1 - - [23/Oct/2017:10:47:46 -0200] "GET /phpmyadmin/tbl_structure.php?db=educatio&table=acervo&token=426c9c09057ffb49b417fe163da503b9&ajax_request=true&ajax_page_request=true&menuHashes=fe738c22-3dac406c&_nocache=1508762866308418200 HTTP/1.1" 200 58222
::1 - - [23/Oct/2017:10:47:46 -0200] "GET /phpmyadmin/index.php?ajax_request=1&recent_table=1&token=426c9c09057ffb49b417fe163da503b9 HTTP/1.1" 200 991
::1 - - [23/Oct/2017:10:47:49 -0200] "GET /phpmyadmin/themes/pmahomme/jquery/images/ui-bg_flat_75_ffffff_40x100.png HTTP/1.1" 200 178
::1 - - [23/Oct/2017:10:47:49 -0200] "GET /phpmyadmin/themes/pmahomme/jquery/images/ui-bg_glass_75_e6e6e6_1x400.png HTTP/1.1" 200 110
::1 - - [23/Oct/2017:10:47:49 -0200] "GET /phpmyadmin/themes/pmahomme/jquery/images/ui-bg_highlight-soft_75_cccccc_1x100.png HTTP/1.1" 200 101
::1 - - [23/Oct/2017:10:47:49 -0200] "GET /phpmyadmin/themes/pmahomme/jquery/images/ui-icons_222222_256x240.png HTTP/1.1" 200 4369
::1 - - [23/Oct/2017:10:47:49 -0200] "GET /phpmyadmin/themes/pmahomme/jquery/images/ui-bg_flat_0_aaaaaa_40x100.png HTTP/1.1" 200 180
::1 - - [23/Oct/2017:10:47:49 -0200] "GET /phpmyadmin/themes/pmahomme/jquery/images/ui-bg_glass_75_dadada_1x400.png HTTP/1.1" 200 159
::1 - - [23/Oct/2017:10:47:53 -0200] "GET /phpmyadmin/themes/pmahomme/jquery/images/ui-bg_glass_65_ffffff_1x400.png HTTP/1.1" 200 105
::1 - - [23/Oct/2017:10:47:53 -0200] "GET /phpmyadmin/sql.php?db=educatio&table=acervo&token=426c9c09057ffb49b417fe163da503b9&goto=tbl_structure.php&back=tbl_structure.php&sql_query=ALTER+TABLE+%60acervo%60+DROP+%60idAutor%60%3B&dropped_column=idAutor&message_to_show=Column+idAutor+has+been+dropped&is_js_confirmed=1&ajax_request=true&ajax_page_request=true&_nocache=1508762873687501731 HTTP/1.1" 200 58229
::1 - - [23/Oct/2017:10:47:54 -0200] "POST /phpmyadmin/navigation.php?ajax_request=1&token=426c9c09057ffb49b417fe163da503b9 HTTP/1.1" 200 19986
::1 - - [23/Oct/2017:10:47:56 -0200] "GET /phpmyadmin/sql.php?server=1&db=educatio&table=acervo&pos=0&token=426c9c09057ffb49b417fe163da503b9&ajax_request=true&ajax_page_request=true&menuHashes=fe738c22-3dac406c-bee5aa45&_nocache=1508762876905428660 HTTP/1.1" 200 42294
::1 - - [23/Oct/2017:10:47:57 -0200] "GET /phpmyadmin/index.php?ajax_request=1&recent_table=1&token=426c9c09057ffb49b417fe163da503b9 HTTP/1.1" 200 991
::1 - - [23/Oct/2017:10:48:07 -0200] "GET /phpmyadmin/sql.php?db=educatio&table=periodicos&server=1&target=&token=426c9c09057ffb49b417fe163da503b9 HTTP/1.1" 200 67059
::1 - - [23/Oct/2017:10:48:07 -0200] "GET /phpmyadmin/favicon.ico HTTP/1.1" 200 18902
::1 - - [23/Oct/2017:10:48:07 -0200] "GET /phpmyadmin/sql.php?db=educatio&table=acervo&server=1&target=&token=426c9c09057ffb49b417fe163da503b9 HTTP/1.1" 200 59045
::1 - - [23/Oct/2017:10:48:08 -0200] "GET /phpmyadmin/index.php?ajax_request=1&recent_table=1&token=426c9c09057ffb49b417fe163da503b9 HTTP/1.1" 200 991
::1 - - [23/Oct/2017:10:48:10 -0200] "GET /phpmyadmin/navigation.php?ajax_request=1&token=426c9c09057ffb49b417fe163da503b9&aPath=cm9vdA%3D%3D.ZWR1Y2F0aW8%3D&vPath=cm9vdA%3D%3D.ZWR1Y2F0aW8%3D&pos=0&pos2_name=&pos2_value=&searchClause=&searchClause2=&_nocache=1508762890299427608 HTTP/1.1" 200 18640
::1 - - [23/Oct/2017:10:48:14 -0200] "GET /phpmyadmin/sql.php?server=1&db=educatio&table=periodicos&pos=0&token=426c9c09057ffb49b417fe163da503b9&ajax_request=true&ajax_page_request=true&menuHashes=3dac406c&_nocache=1508762894661979926 HTTP/1.1" 200 61923
::1 - - [23/Oct/2017:10:48:14 -0200] "GET /phpmyadmin/index.php?ajax_request=1&recent_table=1&token=426c9c09057ffb49b417fe163da503b9 HTTP/1.1" 200 991
::1 - - [23/Oct/2017:10:51:55 -0200] "GET /phpmyadmin/sql.php?server=1&db=educatio&table=autores&pos=0&token=426c9c09057ffb49b417fe163da503b9&ajax_request=true&ajax_page_request=true&menuHashes=3dac406c-fe738c22&_nocache=1508763115403852932 HTTP/1.1" 200 10326
::1 - - [23/Oct/2017:10:51:55 -0200] "GET /phpmyadmin/index.php?ajax_request=1&recent_table=1&token=426c9c09057ffb49b417fe163da503b9 HTTP/1.1" 200 1115
::1 - - [23/Oct/2017:10:52:05 -0200] "GET /phpmyadmin/navigation.php?ajax_request=1&token=426c9c09057ffb49b417fe163da503b9&aPath=cm9vdA%3D%3D.ZWR1Y2F0aW8%3D.dGFibGVz.YXV0b3Jlcw%3D%3D&vPath=cm9vdA%3D%3D.ZWR1Y2F0aW8%3D.VGFiZWxhcw%3D%3D.YXV0b3Jlcw%3D%3D&pos=0&pos2_name=tables&pos2_value=0&searchClause=&searchClause2=&_nocache=1508763125611364298 HTTP/1.1" 200 3444
::1 - - [23/Oct/2017:10:52:06 -0200] "GET /phpmyadmin/tbl_structure.php?server=1&db=educatio&table=autores&token=426c9c09057ffb49b417fe163da503b9&ajax_request=true&ajax_page_request=true&menuHashes=3dac406c-fe738c22-9886d219&_nocache=1508763126621595438 HTTP/1.1" 200 46406
::1 - - [23/Oct/2017:10:52:06 -0200] "GET /phpmyadmin/index.php?ajax_request=1&recent_table=1&token=426c9c09057ffb49b417fe163da503b9 HTTP/1.1" 200 1115
::1 - - [23/Oct/2017:10:56:33 -0200] "GET /phpmyadmin/sql.php?server=1&db=educatio&table=partes&pos=0&token=426c9c09057ffb49b417fe163da503b9&ajax_request=true&ajax_page_request=true&menuHashes=3dac406c-fe738c22-9886d219-42d27d5e&_nocache=1508763393434506796 HTTP/1.1" 200 67170
::1 - - [23/Oct/2017:10:56:33 -0200] "GET /phpmyadmin/index.php?ajax_request=1&recent_table=1&token=426c9c09057ffb49b417fe163da503b9 HTTP/1.1" 200 1115
::1 - - [23/Oct/2017:10:58:19 -0200] "GET /phpmyadmin/sql.php?db=educatio&table=acervo&server=1&target=&token=426c9c09057ffb49b417fe163da503b9 HTTP/1.1" 200 69396
::1 - - [23/Oct/2017:10:58:20 -0200] "GET /phpmyadmin/themes/pmahomme/img/logo_left.png HTTP/1.1" 304 -
::1 - - [23/Oct/2017:10:58:20 -0200] "GET /phpmyadmin/themes/pmahomme/img/ajax_clock_small.gif HTTP/1.1" 304 -
::1 - - [23/Oct/2017:10:58:20 -0200] "GET /phpmyadmin/themes/pmahomme/img/s_fulltext.png HTTP/1.1" 304 -
::1 - - [23/Oct/2017:10:58:20 -0200] "GET /phpmyadmin/themes/pmahomme/img/arrow_ltr.png HTTP/1.1" 304 -
::1 - - [23/Oct/2017:10:58:20 -0200] "GET /phpmyadmin/sql.php?db=educatio&table=partes&server=1&target=&token=426c9c09057ffb49b417fe163da503b9 HTTP/1.1" 200 74498
::1 - - [23/Oct/2017:10:58:20 -0200] "GET /phpmyadmin/themes/pmahomme/img/left_nav_bg.png HTTP/1.1" 304 -
::1 - - [23/Oct/2017:10:58:20 -0200] "GET /phpmyadmin/themes/pmahomme/img/col_pointer.png HTTP/1.1" 304 -
::1 - - [23/Oct/2017:10:58:20 -0200] "GET /phpmyadmin/themes/pmahomme/img/col_drop.png HTTP/1.1" 304 -
::1 - - [23/Oct/2017:10:58:20 -0200] "GET /phpmyadmin/index.php?ajax_request=1&recent_table=1&token=426c9c09057ffb49b417fe163da503b9 HTTP/1.1" 200 1115
::1 - - [23/Oct/2017:10:58:20 -0200] "GET /phpmyadmin/favicon.ico HTTP/1.1" 304 -
::1 - - [23/Oct/2017:10:58:22 -0200] "GET /phpmyadmin/navigation.php?ajax_request=1&token=426c9c09057ffb49b417fe163da503b9&aPath=cm9vdA%3D%3D.ZWR1Y2F0aW8%3D&vPath=cm9vdA%3D%3D.ZWR1Y2F0aW8%3D&pos=0&pos2_name=&pos2_value=&searchClause=&searchClause2=&_nocache=1508763502298400825 HTTP/1.1" 200 18640
::1 - - [23/Oct/2017:10:58:23 -0200] "GET /phpmyadmin/sql.php?server=1&db=educatio&table=acervo&pos=0&token=426c9c09057ffb49b417fe163da503b9&ajax_request=true&ajax_page_request=true&menuHashes=d6487fab&_nocache=1508763503374575473 HTTP/1.1" 200 64375
::1 - - [23/Oct/2017:10:58:23 -0200] "GET /phpmyadmin/index.php?ajax_request=1&recent_table=1&token=426c9c09057ffb49b417fe163da503b9 HTTP/1.1" 200 1115
::1 - - [23/Oct/2017:10:58:26 -0200] "GET /phpmyadmin/sql.php?server=1&db=educatio&table=periodicos&pos=0&token=426c9c09057ffb49b417fe163da503b9&ajax_request=true&ajax_page_request=true&menuHashes=d6487fab-3dac406c&_nocache=1508763506660536785 HTTP/1.1" 200 72841
::1 - - [23/Oct/2017:10:58:26 -0200] "GET /phpmyadmin/index.php?ajax_request=1&recent_table=1&token=426c9c09057ffb49b417fe163da503b9 HTTP/1.1" 200 1115
::1 - - [23/Oct/2017:10:58:46 -0200] "GET /phpmyadmin/sql.php?db=educatio&table=partes&server=1&target=&token=426c9c09057ffb49b417fe163da503b9 HTTP/1.1" 200 76950
::1 - - [23/Oct/2017:10:58:46 -0200] "GET /phpmyadmin/favicon.ico HTTP/1.1" 200 18902
::1 - - [23/Oct/2017:10:58:46 -0200] "GET /phpmyadmin/sql.php?db=educatio&table=periodicos&server=1&target=&token=426c9c09057ffb49b417fe163da503b9 HTTP/1.1" 200 80078
::1 - - [23/Oct/2017:10:58:47 -0200] "GET /phpmyadmin/index.php?ajax_request=1&recent_table=1&token=426c9c09057ffb49b417fe163da503b9 HTTP/1.1" 200 1115
::1 - - [23/Oct/2017:10:58:53 -0200] "GET /phpmyadmin/db_structure.php?server=1&db=educatio&token=426c9c09057ffb49b417fe163da503b9&ajax_request=true&ajax_page_request=true&menuHashes=fe738c22&_nocache=1508763533080720287 HTTP/1.1" 200 75106
::1 - - [23/Oct/2017:10:58:54 -0200] "GET /phpmyadmin/navigation.php?ajax_request=1&token=426c9c09057ffb49b417fe163da503b9&aPath=cm9vdA%3D%3D.ZWR1Y2F0aW8%3D&vPath=cm9vdA%3D%3D.ZWR1Y2F0aW8%3D&pos=0&pos2_name=&pos2_value=&searchClause=&searchClause2=&_nocache=1508763534188830144 HTTP/1.1" 200 18640
::1 - - [23/Oct/2017:10:58:55 -0200] "GET /phpmyadmin/sql.php?server=1&db=educatio&table=acervo&pos=0&token=426c9c09057ffb49b417fe163da503b9&ajax_request=true&ajax_page_request=true&menuHashes=fe738c22-a1585ca8&_nocache=1508763535596131585 HTTP/1.1" 200 67086
::1 - - [23/Oct/2017:10:58:55 -0200] "GET /phpmyadmin/index.php?ajax_request=1&recent_table=1&token=426c9c09057ffb49b417fe163da503b9 HTTP/1.1" 200 1115
::1 - - [23/Oct/2017:10:58:59 -0200] "GET /phpmyadmin/sql.php?server=1&db=educatio&table=periodicos&pos=0&token=426c9c09057ffb49b417fe163da503b9&ajax_request=true&ajax_page_request=true&menuHashes=fe738c22-a1585ca8-3dac406c&_nocache=1508763539179738583 HTTP/1.1" 200 72430
::1 - - [23/Oct/2017:10:58:59 -0200] "GET /phpmyadmin/index.php?ajax_request=1&recent_table=1&token=426c9c09057ffb49b417fe163da503b9 HTTP/1.1" 200 1115
::1 - - [23/Oct/2017:10:59:44 -0200] "GET /phpmyadmin/sql.php?server=1&db=educatio&table=periodicos&pos=0&token=426c9c09057ffb49b417fe163da503b9&ajax_request=true&ajax_page_request=true&menuHashes=fe738c22-a1585ca8-3dac406c&_nocache=1508763584715876926 HTTP/1.1" 200 75159
::1 - - [23/Oct/2017:10:59:44 -0200] "GET /phpmyadmin/index.php?ajax_request=1&recent_table=1&token=426c9c09057ffb49b417fe163da503b9 HTTP/1.1" 200 1115
::1 - - [23/Oct/2017:10:59:49 -0200] "GET /phpmyadmin/sql.php?server=1&db=educatio&table=partes&pos=0&token=426c9c09057ffb49b417fe163da503b9&ajax_request=true&ajax_page_request=true&menuHashes=fe738c22-a1585ca8-3dac406c&_nocache=1508763589579596457 HTTP/1.1" 200 74962
::1 - - [23/Oct/2017:10:59:49 -0200] "GET /phpmyadmin/index.php?ajax_request=1&recent_table=1&token=426c9c09057ffb49b417fe163da503b9 HTTP/1.1" 200 1115
::1 - - [23/Oct/2017:10:59:51 -0200] "GET /phpmyadmin/sql.php?server=1&db=educatio&table=acervo&pos=0&token=426c9c09057ffb49b417fe163da503b9&ajax_request=true&ajax_page_request=true&menuHashes=fe738c22-a1585ca8-3dac406c-d6487fab&_nocache=1508763591876413225 HTTP/1.1" 200 66701
::1 - - [23/Oct/2017:10:59:52 -0200] "GET /phpmyadmin/index.php?ajax_request=1&recent_table=1&token=426c9c09057ffb49b417fe163da503b9 HTTP/1.1" 200 1115
::1 - - [23/Oct/2017:11:03:47 -0200] "GET /phpmyadmin/sql.php?server=1&db=educatio&table=periodicos&pos=0&token=426c9c09057ffb49b417fe163da503b9&ajax_request=true&ajax_page_request=true&menuHashes=fe738c22-a1585ca8-3dac406c-d6487fab&_nocache=1508763827883301096 HTTP/1.1" 200 77889
::1 - - [23/Oct/2017:11:03:48 -0200] "GET /phpmyadmin/index.php?ajax_request=1&recent_table=1&token=426c9c09057ffb49b417fe163da503b9 HTTP/1.1" 200 1115
::1 - - [23/Oct/2017:11:03:51 -0200] "GET /phpmyadmin/sql.php?server=1&db=educatio&table=partes&pos=0&token=426c9c09057ffb49b417fe163da503b9&ajax_request=true&ajax_page_request=true&menuHashes=fe738c22-a1585ca8-3dac406c-d6487fab&_nocache=1508763831812901698 HTTP/1.1" 200 74463
::1 - - [23/Oct/2017:11:03:52 -0200] "GET /phpmyadmin/index.php?ajax_request=1&recent_table=1&token=426c9c09057ffb49b417fe163da503b9 HTTP/1.1" 200 1115
::1 - - [23/Oct/2017:11:25:06 -0200] "GET /phpmyadmin/sql.php?server=1&db=educatio&table=periodicos&pos=0&token=426c9c09057ffb49b417fe163da503b9&ajax_request=true&ajax_page_request=true&menuHashes=fe738c22-a1585ca8-3dac406c-d6487fab&_nocache=1508765106707452307 HTTP/1.1" 200 80618
::1 - - [23/Oct/2017:11:25:06 -0200] "GET /phpmyadmin/index.php?ajax_request=1&recent_table=1&token=426c9c09057ffb49b417fe163da503b9 HTTP/1.1" 200 1115
::1 - - [23/Oct/2017:11:25:09 -0200] "GET /phpmyadmin/sql.php?server=1&db=educatio&table=partes&pos=0&token=426c9c09057ffb49b417fe163da503b9&ajax_request=true&ajax_page_request=true&menuHashes=fe738c22-a1585ca8-3dac406c-d6487fab&_nocache=1508765109795619448 HTTP/1.1" 200 77060
::1 - - [23/Oct/2017:11:25:10 -0200] "GET /phpmyadmin/index.php?ajax_request=1&recent_table=1&token=426c9c09057ffb49b417fe163da503b9 HTTP/1.1" 200 1115
::1 - - [23/Oct/2017:11:25:12 -0200] "GET /phpmyadmin/sql.php?server=1&db=educatio&table=periodicos&pos=0&token=426c9c09057ffb49b417fe163da503b9&ajax_request=true&ajax_page_request=true&menuHashes=fe738c22-a1585ca8-3dac406c-d6487fab&_nocache=1508765112493724825 HTTP/1.1" 200 80618
::1 - - [23/Oct/2017:11:25:12 -0200] "GET /phpmyadmin/index.php?ajax_request=1&recent_table=1&token=426c9c09057ffb49b417fe163da503b9 HTTP/1.1" 200 1115
::1 - - [23/Oct/2017:11:25:17 -0200] "GET /phpmyadmin/sql.php?server=1&db=educatio&table=acervo&pos=0&token=426c9c09057ffb49b417fe163da503b9&ajax_request=true&ajax_page_request=true&menuHashes=fe738c22-a1585ca8-3dac406c-d6487fab&_nocache=1508765117549632828 HTTP/1.1" 200 72124
::1 - - [23/Oct/2017:11:25:17 -0200] "GET /phpmyadmin/index.php?ajax_request=1&recent_table=1&token=426c9c09057ffb49b417fe163da503b9 HTTP/1.1" 200 1115
::1 - - [23/Oct/2017:11:25:58 -0200] "GET /phpmyadmin/sql.php?server=1&db=educatio&table=autores&pos=0&token=426c9c09057ffb49b417fe163da503b9&ajax_request=true&ajax_page_request=true&menuHashes=fe738c22-a1585ca8-3dac406c-d6487fab&_nocache=1508765158024323648 HTTP/1.1" 200 10326
::1 - - [23/Oct/2017:11:25:58 -0200] "GET /phpmyadmin/index.php?ajax_request=1&recent_table=1&token=426c9c09057ffb49b417fe163da503b9 HTTP/1.1" 200 1115
::1 - - [23/Oct/2017:11:26:00 -0200] "GET /phpmyadmin/navigation.php?ajax_request=1&token=426c9c09057ffb49b417fe163da503b9&aPath=cm9vdA%3D%3D.ZWR1Y2F0aW8%3D.dGFibGVz.YXV0b3Jlcw%3D%3D&vPath=cm9vdA%3D%3D.ZWR1Y2F0aW8%3D.VGFiZWxhcw%3D%3D.YXV0b3Jlcw%3D%3D&pos=0&pos2_name=tables&pos2_value=0&searchClause=&searchClause2=&_nocache=1508765160636555990 HTTP/1.1" 200 3444
::1 - - [23/Oct/2017:11:26:01 -0200] "GET /phpmyadmin/tbl_structure.php?server=1&db=educatio&table=autores&token=426c9c09057ffb49b417fe163da503b9&ajax_request=true&ajax_page_request=true&menuHashes=fe738c22-a1585ca8-3dac406c-d6487fab-9886d219&_nocache=1508765161421970423 HTTP/1.1" 200 46406
::1 - - [23/Oct/2017:11:26:01 -0200] "GET /phpmyadmin/index.php?ajax_request=1&recent_table=1&token=426c9c09057ffb49b417fe163da503b9 HTTP/1.1" 200 1115
::1 - - [23/Oct/2017:11:30:33 -0200] "GET /phpmyadmin/sql.php?server=1&db=educatio&table=acervo&pos=0&token=426c9c09057ffb49b417fe163da503b9&ajax_request=true&ajax_page_request=true&menuHashes=fe738c22-a1585ca8-3dac406c-d6487fab-9886d219-42d27d5e&_nocache=150876543374543635 HTTP/1.1" 200 72124
::1 - - [23/Oct/2017:11:30:34 -0200] "GET /phpmyadmin/index.php?ajax_request=1&recent_table=1&token=426c9c09057ffb49b417fe163da503b9 HTTP/1.1" 200 1115
::1 - - [23/Oct/2017:11:31:13 -0200] "GET /phpmyadmin/sql.php?server=1&db=educatio&table=autores&pos=0&token=426c9c09057ffb49b417fe163da503b9&ajax_request=true&ajax_page_request=true&menuHashes=fe738c22-a1585ca8-3dac406c-d6487fab-9886d219-42d27d5e&_nocache=1508765473307898328 HTTP/1.1" 200 7218
::1 - - [23/Oct/2017:11:31:13 -0200] "GET /phpmyadmin/index.php?ajax_request=1&recent_table=1&token=426c9c09057ffb49b417fe163da503b9 HTTP/1.1" 200 1115
::1 - - [23/Oct/2017:11:31:15 -0200] "GET /phpmyadmin/tbl_structure.php?server=1&db=educatio&table=autores&token=426c9c09057ffb49b417fe163da503b9&ajax_request=true&ajax_page_request=true&menuHashes=fe738c22-a1585ca8-3dac406c-d6487fab-9886d219-42d27d5e&_nocache=1508765475475107093 HTTP/1.1" 200 43298
::1 - - [23/Oct/2017:11:31:15 -0200] "GET /phpmyadmin/index.php?ajax_request=1&recent_table=1&token=426c9c09057ffb49b417fe163da503b9 HTTP/1.1" 200 1115
