2017-10-24 10:45:12 4968 [Note] Plugin 'FEDERATED' is disabled.
2017-10-24 10:45:12 4968 [Note] InnoDB: The InnoDB memory heap is disabled
2017-10-24 10:45:12 4968 [Note] InnoDB: Mutexes and rw_locks use Windows interlocked functions
2017-10-24 10:45:12 4968 [Note] InnoDB: Compressed tables use zlib 1.2.3
2017-10-24 10:45:12 4968 [Note] InnoDB: Not using CPU crc32 instructions
2017-10-24 10:45:12 4968 [Note] InnoDB: Initializing buffer pool, size = 128.0M
2017-10-24 10:45:13 4968 [Note] InnoDB: Completed initialization of buffer pool
2017-10-24 10:45:13 4968 [Note] InnoDB: Highest supported file format is Barracuda.
2017-10-24 10:45:13 4968 [Note] InnoDB: The log sequence numbers 1626134 and 1626134 in ibdata files do not match the log sequence number 2004732 in the ib_logfiles!
2017-10-24 10:45:13 4968 [Note] InnoDB: Database was not shutdown normally!
2017-10-24 10:45:13 4968 [Note] InnoDB: Starting crash recovery.
2017-10-24 10:45:13 4968 [Note] InnoDB: Reading tablespace information from the .ibd files...
2017-10-24 10:45:13 4968 [Note] InnoDB: Restoring possible half-written data pages 
2017-10-24 10:45:13 4968 [Note] InnoDB: from the doublewrite buffer...
2017-10-24 10:45:27 4968 [Note] InnoDB: 128 rollback segment(s) are active.
2017-10-24 10:45:27 4968 [Note] InnoDB: Waiting for purge to start
2017-10-24 10:45:27 4968 [Note] InnoDB: 5.6.13 started; log sequence number 2004732
2017-10-24 10:45:27 4968 [Note] Server hostname (bind-address): '*'; port: 3307
2017-10-24 10:45:27 4968 [Note] IPv6 is available.
2017-10-24 10:45:27 4968 [Note]   - '::' resolves to '::';
2017-10-24 10:45:27 4968 [Note] Server socket created on IP: '::'.
2017-10-24 10:45:30 4968 [Note] Event Scheduler: Loaded 0 events
2017-10-24 10:45:30 4968 [Note] C:\Users\Augusto\Desktop\Educatio-CEFET-MG\USB-Server/mysql/bin/mysqld_usbwv8.exe: ready for connections.
Version: '5.6.13'  socket: ''  port: 3307  MySQL Community Server (GPL)
2017-10-24 10:48:07 5536 [Note] Plugin 'FEDERATED' is disabled.
2017-10-24 10:48:07 5536 [Note] InnoDB: The InnoDB memory heap is disabled
2017-10-24 10:48:07 5536 [Note] InnoDB: Mutexes and rw_locks use Windows interlocked functions
2017-10-24 10:48:07 5536 [Note] InnoDB: Compressed tables use zlib 1.2.3
2017-10-24 10:48:07 5536 [Note] InnoDB: Not using CPU crc32 instructions
2017-10-24 10:48:07 5536 [Note] InnoDB: Initializing buffer pool, size = 128.0M
2017-10-24 10:48:07 5536 [Note] InnoDB: Completed initialization of buffer pool
2017-10-24 10:48:07 5536 [Note] InnoDB: Highest supported file format is Barracuda.
2017-10-24 10:48:07 5536 [Note] InnoDB: The log sequence numbers 1626134 and 1626134 in ibdata files do not match the log sequence number 2017190 in the ib_logfiles!
2017-10-24 10:48:07 5536 [Note] InnoDB: Database was not shutdown normally!
2017-10-24 10:48:07 5536 [Note] InnoDB: Starting crash recovery.
2017-10-24 10:48:07 5536 [Note] InnoDB: Reading tablespace information from the .ibd files...
2017-10-24 10:48:07 5536 [Note] InnoDB: Restoring possible half-written data pages 
2017-10-24 10:48:07 5536 [Note] InnoDB: from the doublewrite buffer...
2017-10-24 10:48:09 5536 [Note] InnoDB: 128 rollback segment(s) are active.
2017-10-24 10:48:09 5536 [Note] InnoDB: Waiting for purge to start
2017-10-24 10:48:09 5536 [Note] InnoDB: 5.6.13 started; log sequence number 2017190
2017-10-24 10:48:09 5536 [Note] Server hostname (bind-address): '*'; port: 3307
2017-10-24 10:48:09 5536 [Note] IPv6 is available.
2017-10-24 10:48:09 5536 [Note]   - '::' resolves to '::';
2017-10-24 10:48:09 5536 [Note] Server socket created on IP: '::'.
2017-10-24 10:48:09 5536 [Note] Event Scheduler: Loaded 0 events
2017-10-24 10:48:09 5536 [Note] C:\Users\Augusto\Desktop\Educatio-CEFET-MG\USB-Server/mysql/bin/mysqld_usbwv8.exe: ready for connections.
Version: '5.6.13'  socket: ''  port: 3307  MySQL Community Server (GPL)
