2017-10-23 10:06:34 6632 [Note] Plugin 'FEDERATED' is disabled.
2017-10-23 10:06:34 6632 [Note] InnoDB: The InnoDB memory heap is disabled
2017-10-23 10:06:34 6632 [Note] InnoDB: Mutexes and rw_locks use Windows interlocked functions
2017-10-23 10:06:34 6632 [Note] InnoDB: Compressed tables use zlib 1.2.3
2017-10-23 10:06:34 6632 [Note] InnoDB: Not using CPU crc32 instructions
2017-10-23 10:06:34 6632 [Note] InnoDB: Initializing buffer pool, size = 128.0M
2017-10-23 10:06:34 6632 [Note] InnoDB: Completed initialization of buffer pool
2017-10-23 10:06:34 6632 [Note] InnoDB: Setting log file C:\Users\Aluno\Educatio-CEFET-MG\USB-Server\mysql\data\ib_logfile101 size to 5 MB
2017-10-23 10:06:34 6632 [Note] InnoDB: Setting log file C:\Users\Aluno\Educatio-CEFET-MG\USB-Server\mysql\data\ib_logfile1 size to 5 MB
2017-10-23 10:06:35 6632 [Note] InnoDB: Renaming log file C:\Users\Aluno\Educatio-CEFET-MG\USB-Server\mysql\data\ib_logfile101 to C:\Users\Aluno\Educatio-CEFET-MG\USB-Server\mysql\data\ib_logfile0
2017-10-23 10:06:35 6632 [Warning] InnoDB: New log files created, LSN=1626134
2017-10-23 10:06:35 6632 [Note] InnoDB: Highest supported file format is Barracuda.
2017-10-23 10:06:35 6632 [Note] InnoDB: 128 rollback segment(s) are active.
2017-10-23 10:06:35 6632 [Note] InnoDB: Waiting for purge to start
2017-10-23 10:06:35 6632 [Note] InnoDB: 5.6.13 started; log sequence number 1626636
2017-10-23 10:06:35 6632 [Warning] No existing UUID has been found, so we assume that this is the first time that this server has been started. Generating a new UUID: 9dba9728-b7ea-11e7-877b-0a0027000000.
2017-10-23 10:06:35 6632 [Note] Server hostname (bind-address): '*'; port: 3307
2017-10-23 10:06:35 6632 [Note] IPv6 is available.
2017-10-23 10:06:35 6632 [Note]   - '::' resolves to '::';
2017-10-23 10:06:35 6632 [Note] Server socket created on IP: '::'.
2017-10-30 07:27:42 6400 [Note] Plugin 'FEDERATED' is disabled.
2017-10-30 07:27:42 6400 [Note] InnoDB: The InnoDB memory heap is disabled
2017-10-30 07:27:42 6400 [Note] InnoDB: Mutexes and rw_locks use Windows interlocked functions
2017-10-30 07:27:42 6400 [Note] InnoDB: Compressed tables use zlib 1.2.3
2017-10-30 07:27:42 6400 [Note] InnoDB: Not using CPU crc32 instructions
2017-10-30 07:27:42 6400 [Note] InnoDB: Initializing buffer pool, size = 128.0M
2017-10-30 07:27:42 6400 [Note] InnoDB: Completed initialization of buffer pool
2017-10-30 07:27:43 6400 [Note] InnoDB: Highest supported file format is Barracuda.
2017-10-30 07:27:43 6400 [Note] InnoDB: The log sequence numbers 1626134 and 1626134 in ibdata files do not match the log sequence number 2103708 in the ib_logfiles!
2017-10-30 07:27:43 6400 [Note] InnoDB: Database was not shutdown normally!
2017-10-30 07:27:43 6400 [Note] InnoDB: Starting crash recovery.
2017-10-30 07:27:43 6400 [Note] InnoDB: Reading tablespace information from the .ibd files...
2017-10-30 07:27:43 6400 [Note] InnoDB: Restoring possible half-written data pages 
2017-10-30 07:27:43 6400 [Note] InnoDB: from the doublewrite buffer...
2017-10-30 07:27:43 6400 [Note] InnoDB: 128 rollback segment(s) are active.
2017-10-30 07:27:43 6400 [Note] InnoDB: Waiting for purge to start
2017-10-30 07:27:43 6400 [Note] InnoDB: 5.6.13 started; log sequence number 2103708
2017-10-30 07:27:43 6400 [Note] Server hostname (bind-address): '*'; port: 3307
2017-10-30 07:27:43 6400 [Note] IPv6 is available.
2017-10-30 07:27:43 6400 [Note]   - '::' resolves to '::';
2017-10-30 07:27:43 6400 [Note] Server socket created on IP: '::'.
